   1   1  19   real    -24.715  13.352 -10.254 -21.617 -15.080
   1   1  19   imag      0.000   0.000   0.000   0.000   0.000
   1   2  19   real     -0.358   0.068   0.038  -0.251  -0.184
   1   2  19   imag     -0.761   0.145   0.081  -0.535  -0.391
   1   3  19   real     -0.115  -0.919   0.888  -0.146  -0.060
   1   3  19   imag      0.038   0.305  -0.295   0.048   0.020
   1   4  19   real      0.151  -0.244   0.168   0.075   0.040
   1   4  19   imag     -0.164   0.266  -0.184  -0.082  -0.044
   1   5  19   real     -0.110   0.031  -0.020  -0.098  -0.026
   1   5  19   imag     -0.031   0.009  -0.005  -0.027  -0.007
   1   6  19   real     -0.506   0.362  -0.376  -0.520  -0.701
   1   6  19   imag     -0.154   0.111  -0.115  -0.159  -0.214
   1   7  19   real      0.004  -0.013   0.014   0.004  -0.004
   1   7  19   imag     -0.041   0.144  -0.151  -0.048   0.048
   1   8  19   real      0.123   0.028  -0.042   0.109   0.041
   1   8  19   imag     -0.029  -0.007   0.010  -0.026  -0.010
   1   9  19   real      0.034   0.073  -0.095   0.012  -0.026
   1   9  19   imag      0.003   0.007  -0.009   0.001  -0.002
   1  10  19   real     -0.007   0.006  -0.002  -0.002   0.000
   1  10  19   imag      0.055  -0.049   0.014   0.019  -0.002
   1  11  19   real     -0.101   0.046   0.052  -0.003   0.031
   1  11  19   imag     -0.136   0.062   0.070  -0.005   0.043
   1  12  19   real      0.094  -0.054   0.056   0.096   0.095
   1  12  19   imag     -0.189   0.108  -0.111  -0.192  -0.191
   1  13  19   real     -0.025   0.026  -0.027  -0.026  -0.011
   1  13  19   imag      0.002  -0.002   0.002   0.002   0.001
   1  14  19   real      0.692  -0.671   0.633   0.654   0.696
   1  14  19   imag     -0.112   0.109  -0.103  -0.106  -0.113
   1  15  19   real      0.088  -0.106   0.093   0.074   0.088
   1  15  19   imag     -0.131   0.159  -0.139  -0.111  -0.132
   1  16  19   real      0.157   0.039  -0.057   0.139   0.033
   1  16  19   imag     -0.069  -0.017   0.025  -0.061  -0.015
   1  17  19   real     -0.170   0.162  -0.158  -0.166  -0.174
   1  17  19   imag     -0.168   0.160  -0.156  -0.164  -0.171
   1  18  19   real      0.032   0.068  -0.076   0.025  -0.030
   1  18  19   imag     -0.002  -0.004   0.005  -0.002   0.002
   1  19  19   real     -0.070   0.072  -0.076  -0.074  -0.077
   1  19  19   imag     -0.471   0.485  -0.511  -0.497  -0.519
   2   1  19   real     -0.358   0.068   0.038  -0.251  -0.184
   2   1  19   imag      0.761  -0.145  -0.081   0.535   0.391
   2   2  19   real    -23.430  25.585 -22.916 -20.761 -14.994
   2   2  19   imag      0.000   0.000   0.000   0.000   0.000
   2   3  19   real      0.007  -0.064   0.061   0.004   0.000
   2   3  19   imag     -0.058   0.535  -0.508  -0.031   0.001
   2   4  19   real      0.102   0.064  -0.099   0.067   0.057
   2   4  19   imag      0.250   0.156  -0.243   0.163   0.139
   2   5  19   real      0.002   0.499  -0.451   0.050   0.023
   2   5  19   imag     -0.002  -0.578   0.522  -0.058  -0.026
   2   6  19   real     -0.055   0.160  -0.143  -0.038  -0.139
   2   6  19   imag      0.060  -0.176   0.158   0.042   0.153
   2   7  19   real      0.060  -0.228   0.209   0.041   0.014
   2   7  19   imag      0.035  -0.134   0.123   0.024   0.008
   2   8  19   real     -0.061   0.075  -0.062  -0.048  -0.058
   2   8  19   imag      0.290  -0.356   0.294   0.227   0.277
   2   9  19   real      0.051   0.034  -0.035   0.051   0.062
   2   9  19   imag     -0.087  -0.058   0.059  -0.087  -0.106
   2  10  19   real      0.245  -0.172   0.163   0.235   0.271
   2  10  19   imag      0.154  -0.108   0.102   0.148   0.170
   2  11  19   real     -0.909   0.657  -0.618  -0.869  -1.036
   2  11  19   imag      0.181  -0.131   0.123   0.173   0.206
   2  12  19   real      0.020  -0.037   0.036   0.019   0.021
   2  12  19   imag      0.025  -0.047   0.046   0.024   0.026
   2  13  19   real      0.002  -0.015   0.017   0.004  -0.003
   2  13  19   imag     -0.006   0.039  -0.042  -0.009   0.008
   2  14  19   real      0.027   0.012  -0.023   0.016   0.019
   2  14  19   imag     -0.093  -0.044   0.080  -0.057  -0.066
   2  15  19   real     -0.172   0.054  -0.056  -0.174  -0.173
   2  15  19   imag     -0.286   0.090  -0.093  -0.289  -0.288
   2  16  19   real     -0.001  -0.001   0.001  -0.001   0.000
   2  16  19   imag      0.028   0.024  -0.027   0.026   0.015
   2  17  19   real     -0.068   0.012   0.009  -0.047  -0.046
   2  17  19   imag      0.025  -0.004  -0.003   0.017   0.017
   2  18  19   real     -0.035   0.029  -0.027  -0.033  -0.023
   2  18  19   imag      0.088  -0.073   0.069   0.085   0.057
   2  19  19   real     -0.156   0.037   0.051  -0.068  -0.057
   2  19  19   imag     -0.047   0.011   0.015  -0.020  -0.017
   3   1  19   real     -0.115  -0.919   0.888  -0.146  -0.060
   3   1  19   imag     -0.038  -0.305   0.295  -0.048  -0.020
   3   2  19   real      0.007  -0.064   0.061   0.004   0.000
   3   2  19   imag      0.058  -0.535   0.508   0.031  -0.001
   3   3  19   real    -23.712  24.034 -21.253 -20.931 -15.212
   3   3  19   imag      0.000   0.000   0.000   0.000   0.000
   3   4  19   real      0.210   0.416  -0.367   0.260   0.020
   3   4  19   imag     -0.117  -0.231   0.204  -0.144  -0.011
   3   5  19   real      0.620  -0.463   0.311   0.468   0.315
   3   5  19   imag      0.417  -0.311   0.209   0.315   0.212
   3   6  19   real      0.040   0.314  -0.272   0.082  -0.020
   3   6  19   imag      0.028   0.223  -0.193   0.058  -0.014
   3   7  19   real     -0.498   0.452  -0.400  -0.446  -0.406
   3   7  19   imag      1.143  -1.036   0.916   1.023   0.931
   3   8  19   real      0.023   0.199  -0.178   0.044   0.179
   3   8  19   imag      0.002   0.018  -0.016   0.004   0.016
   3   9  19   real      0.708  -0.376   0.208   0.540   0.623
   3   9  19   imag      0.309  -0.164   0.091   0.235   0.272
   3  10  19   real     -0.010  -0.016   0.015  -0.010  -0.020
   3  10  19   imag      0.021   0.033  -0.032   0.022   0.042
   3  11  19   real      0.034  -0.059   0.048   0.022   0.019
   3  11  19   imag      0.103  -0.181   0.146   0.068   0.058
   3  12  19   real     -0.001   0.060  -0.062  -0.004   0.003
   3  12  19   imag      0.001  -0.060   0.063   0.004  -0.003
   3  13  19   real      0.034  -0.062   0.048   0.021  -0.016
   3  13  19   imag      0.009  -0.016   0.013   0.005  -0.004
   3  14  19   real      0.285  -0.840   0.816   0.261   0.008
   3  14  19   imag      0.046  -0.135   0.131   0.042   0.001
   3  15  19   real     -0.187  -0.134   0.128  -0.193  -0.276
   3  15  19   imag      0.146   0.104  -0.099   0.150   0.215
   3  16  19   real      0.654   0.200  -0.147   0.708   0.938
   3  16  19   imag     -0.061  -0.019   0.014  -0.066  -0.087
   3  17  19   real     -0.019   0.079  -0.077  -0.017   0.005
   3  17  19   imag     -0.038   0.155  -0.151  -0.034   0.010
   3  18  19   real      0.312  -0.019   0.052   0.345   0.416
   3  18  19   imag      0.082  -0.005   0.014   0.090   0.109
   3  19  19   real     -0.003  -0.032   0.033  -0.002  -0.003
   3  19  19   imag      0.015   0.183  -0.188   0.011   0.018
   4   1  19   real      0.151  -0.244   0.168   0.075   0.040
   4   1  19   imag      0.164  -0.266   0.184   0.082   0.044
   4   2  19   real      0.102   0.064  -0.099   0.067   0.057
   4   2  19   imag     -0.250  -0.156   0.243  -0.163  -0.139
   4   3  19   real      0.210   0.416  -0.367   0.260   0.020
   4   3  19   imag      0.117   0.231  -0.204   0.144   0.011
   4   4  19   real    -21.052  15.402 -13.432 -19.082 -14.697
   4   4  19   imag      0.000   0.000   0.000   0.000   0.000
   4   5  19   real      0.092   0.032  -0.022   0.102  -0.013
   4   5  19   imag      0.182   0.063  -0.044   0.200  -0.026
   4   6  19   real      0.215  -0.191   0.151   0.175   0.065
   4   6  19   imag      0.450  -0.398   0.315   0.366   0.137
   4   7  19   real     -0.501  -0.095   0.127  -0.469  -0.146
   4   7  19   imag      0.382   0.073  -0.097   0.358   0.112
   4   8  19   real     -0.770   0.673  -0.518  -0.615  -0.637
   4   8  19   imag     -0.522   0.457  -0.351  -0.417  -0.432
   4   9  19   real     -0.081  -0.239   0.223  -0.097  -0.063
   4   9  19   imag     -0.106  -0.314   0.292  -0.128  -0.083
   4  10  19   real      0.031  -0.016   0.022   0.037   0.027
   4  10  19   imag     -0.023   0.012  -0.016  -0.026  -0.019
   4  11  19   real     -0.016  -0.016   0.012  -0.020  -0.043
   4  11  19   imag      0.083   0.082  -0.064   0.102   0.220
   4  12  19   real     -0.137   0.086  -0.079  -0.130  -0.142
   4  12  19   imag      0.039  -0.025   0.023   0.037   0.041
   4  13  19   real     -0.020  -0.030   0.025  -0.026  -0.071
   4  13  19   imag     -0.020  -0.029   0.024  -0.025  -0.068
   4  14  19   real     -0.314   0.049  -0.094  -0.359  -0.611
   4  14  19   imag     -0.248   0.039  -0.074  -0.283  -0.481
   4  15  19   real     -0.139   0.045  -0.068  -0.162  -0.293
   4  15  19   imag      0.021  -0.007   0.010   0.025   0.045
   4  16  19   real     -0.468   0.449  -0.363  -0.381  -0.049
   4  16  19   imag     -0.206   0.198  -0.160  -0.168  -0.022
   4  17  19   real      0.001   0.000   0.000   0.001   0.000
   4  17  19   imag     -0.016  -0.003   0.002  -0.017   0.007
   4  18  19   real     -0.076   0.021   0.017  -0.038   0.011
   4  18  19   imag     -0.073   0.020   0.016  -0.036   0.010
   4  19  19   real      0.390  -0.121   0.179   0.449   0.576
   4  19  19   imag     -0.482   0.149  -0.222  -0.554  -0.711
   5   1  19   real     -0.110   0.031  -0.020  -0.098  -0.026
   5   1  19   imag      0.031  -0.009   0.005   0.027   0.007
   5   2  19   real      0.002   0.499  -0.451   0.050   0.023
   5   2  19   imag      0.002   0.578  -0.522   0.058   0.026
   5   3  19   real      0.620  -0.463   0.311   0.468   0.315
   5   3  19   imag     -0.417   0.311  -0.209  -0.315  -0.212
   5   4  19   real      0.092   0.032  -0.022   0.102  -0.013
   5   4  19   imag     -0.182  -0.063   0.044  -0.200   0.026
   5   5  19   real    -21.107  14.918 -13.029 -19.218 -14.681
   5   5  19   imag      0.000   0.000   0.000   0.000   0.000
   5   6  19   real      0.172  -0.196   0.161   0.136   0.020
   5   6  19   imag      0.004  -0.005   0.004   0.003   0.000
   5   7  19   real     -0.008   0.005   0.016   0.012  -0.037
   5   7  19   imag     -0.046   0.026   0.087   0.068  -0.200
   5   8  19   real     -0.106  -0.456   0.420  -0.143   0.018
   5   8  19   imag      0.058   0.252  -0.231   0.079  -0.010
   5   9  19   real      0.065   0.410  -0.578  -0.103  -0.324
   5   9  19   imag     -0.012  -0.075   0.106   0.019   0.059
   5  10  19   real     -0.005   0.006  -0.005  -0.004   0.002
   5  10  19   imag     -0.034   0.041  -0.031  -0.024   0.015
   5  11  19   real      0.083  -0.036  -0.014   0.034  -0.009
   5  11  19   imag      0.065  -0.028  -0.011   0.026  -0.007
   5  12  19   real      0.014  -0.012   0.010   0.012   0.013
   5  12  19   imag     -0.074   0.063  -0.054  -0.064  -0.068
   5  13  19   real     -0.134   0.054  -0.054  -0.134  -0.180
   5  13  19   imag      0.047  -0.019   0.019   0.047   0.063
   5  14  19   real      0.172  -0.098   0.076   0.150   0.071
   5  14  19   imag     -0.079   0.045  -0.035  -0.069  -0.033
   5  15  19   real     -0.041   0.040  -0.038  -0.038  -0.044
   5  15  19   imag      0.123  -0.122   0.114   0.116   0.134
   5  16  19   real      0.291  -0.186   0.187   0.292   0.426
   5  16  19   imag     -0.238   0.152  -0.153  -0.238  -0.348
   5  17  19   real      0.002  -0.017   0.023   0.008   0.012
   5  17  19   imag      0.001  -0.009   0.013   0.005   0.006
   5  18  19   real      0.397  -0.276   0.256   0.377   0.466
   5  18  19   imag     -0.139   0.096  -0.089  -0.132  -0.163
   5  19  19   real      0.066  -0.067   0.073   0.072   0.052
   5  19  19   imag      0.148  -0.150   0.164   0.161   0.116
   6   1  19   real     -0.506   0.362  -0.376  -0.520  -0.701
   6   1  19   imag      0.154  -0.111   0.115   0.159   0.214
   6   2  19   real     -0.055   0.160  -0.143  -0.038  -0.139
   6   2  19   imag     -0.060   0.176  -0.158  -0.042  -0.153
   6   3  19   real      0.040   0.314  -0.272   0.082  -0.020
   6   3  19   imag     -0.028  -0.223   0.193  -0.058   0.014
   6   4  19   real      0.215  -0.191   0.151   0.175   0.065
   6   4  19   imag     -0.450   0.398  -0.315  -0.366  -0.137
   6   5  19   real      0.172  -0.196   0.161   0.136   0.020
   6   5  19   imag     -0.004   0.005  -0.004  -0.003   0.000
   6   6  19   real    -20.210  13.836 -12.049 -18.424 -14.218
   6   6  19   imag      0.000   0.000   0.000   0.000   0.000
   6   7  19   real      0.029   0.118  -0.108   0.039  -0.017
   6   7  19   imag      0.138   0.568  -0.519   0.187  -0.083
   6   8  19   real      0.137  -0.002   0.008   0.143   0.314
   6   8  19   imag     -0.080   0.001  -0.005  -0.084  -0.183
   6   9  19   real     -0.080   0.552  -0.458   0.014   0.095
   6   9  19   imag      0.017  -0.115   0.095  -0.003  -0.020
   6  10  19   real      0.020  -0.001  -0.003   0.016   0.021
   6  10  19   imag      0.112  -0.006  -0.018   0.089   0.117
   6  11  19   real     -0.686   0.110   0.033  -0.542  -0.591
   6  11  19   imag     -0.509   0.082   0.024  -0.402  -0.438
   6  12  19   real      0.030  -0.013   0.012   0.030   0.037
   6  12  19   imag     -0.181   0.075  -0.069  -0.175  -0.222
   6  13  19   real      0.033  -0.032   0.032   0.033   0.007
   6  13  19   imag     -0.012   0.012  -0.012  -0.012  -0.003
   6  14  19   real     -1.092   0.148  -0.213  -1.157  -1.665
   6  14  19   imag      0.537  -0.073   0.105   0.569   0.819
   6  15  19   real     -0.053  -0.063   0.058  -0.059  -0.138
   6  15  19   imag      0.177   0.210  -0.192   0.194   0.458
   6  16  19   real     -0.481   0.678  -0.630  -0.433  -0.101
   6  16  19   imag      0.413  -0.582   0.541   0.371   0.087
   6  17  19   real      0.393  -0.092   0.107   0.408   0.552
   6  17  19   imag      0.206  -0.048   0.056   0.214   0.289
   6  18  19   real     -0.208   0.340  -0.309  -0.177  -0.003
   6  18  19   imag      0.078  -0.128   0.116   0.067   0.001
   6  19  19   real      0.511  -0.159   0.162   0.514   0.637
   6  19  19   imag      1.076  -0.334   0.340   1.083   1.342
   7   1  19   real      0.004  -0.013   0.014   0.004  -0.004
   7   1  19   imag      0.041  -0.144   0.151   0.048  -0.048
   7   2  19   real      0.060  -0.228   0.209   0.041   0.014
   7   2  19   imag     -0.035   0.134  -0.123  -0.024  -0.008
   7   3  19   real     -0.498   0.452  -0.400  -0.446  -0.406
   7   3  19   imag     -1.143   1.036  -0.916  -1.023  -0.931
   7   4  19   real     -0.501  -0.095   0.127  -0.469  -0.146
   7   4  19   imag     -0.382  -0.073   0.097  -0.358  -0.112
   7   5  19   real     -0.008   0.005   0.016   0.012  -0.037
   7   5  19   imag      0.046  -0.026  -0.087  -0.068   0.200
   7   6  19   real      0.029   0.118  -0.108   0.039  -0.017
   7   6  19   imag     -0.138  -0.568   0.519  -0.187   0.083
   7   7  19   real    -19.416  12.590 -11.140 -17.965 -14.922
   7   7  19   imag      0.000   0.000   0.000   0.000   0.000
   7   8  19   real      0.020   0.053  -0.042   0.031  -0.058
   7   8  19   imag      0.059   0.158  -0.124   0.094  -0.172
   7   9  19   real      0.000   0.000   0.000   0.000   0.000
   7   9  19   imag      0.718  -0.174  -0.108   0.435   0.287
   7  10  19   real      0.015   0.024  -0.032   0.008   0.034
   7  10  19   imag      0.000   0.001  -0.001   0.000   0.001
   7  11  19   real     -0.091   0.030   0.015  -0.046  -0.027
   7  11  19   imag      0.081  -0.027  -0.013   0.041   0.024
   7  12  19   real      0.021  -0.023   0.022   0.020   0.028
   7  12  19   imag      0.008  -0.009   0.009   0.008   0.011
   7  13  19   real     -0.014   0.013  -0.012  -0.013  -0.003
   7  13  19   imag     -0.089   0.085  -0.077  -0.081  -0.017
   7  14  19   real     -0.186   0.235  -0.206  -0.157   0.007
   7  14  19   imag     -0.723   0.915  -0.803  -0.611   0.026
   7  15  19   real      0.100   0.189  -0.188   0.100   0.364
   7  15  19   imag      0.054   0.103  -0.103   0.055   0.198
   7  16  19   real     -0.500   0.066  -0.083  -0.517  -0.824
   7  16  19   imag     -0.908   0.120  -0.151  -0.938  -1.495
   7  17  19   real     -0.084   0.098  -0.088  -0.074  -0.016
   7  17  19   imag      0.102  -0.120   0.107   0.090   0.019
   7  18  19   real     -0.026  -0.002   0.002  -0.025  -0.043
   7  18  19   imag     -0.164  -0.010   0.014  -0.160  -0.274
   7  19  19   real      0.052  -0.087   0.047   0.012  -0.130
   7  19  19   imag     -0.013   0.021  -0.011  -0.003   0.032
   8   1  19   real      0.123   0.028  -0.042   0.109   0.041
   8   1  19   imag      0.029   0.007  -0.010   0.026   0.010
   8   2  19   real     -0.061   0.075  -0.062  -0.048  -0.058
   8   2  19   imag     -0.290   0.356  -0.294  -0.227  -0.277
   8   3  19   real      0.023   0.199  -0.178   0.044   0.179
   8   3  19   imag     -0.002  -0.018   0.016  -0.004  -0.016
   8   4  19   real     -0.770   0.673  -0.518  -0.615  -0.637
   8   4  19   imag      0.522  -0.457   0.351   0.417   0.432
   8   5  19   real     -0.106  -0.456   0.420  -0.143   0.018
   8   5  19   imag     -0.058  -0.252   0.231  -0.079   0.010
   8   6  19   real      0.137  -0.002   0.008   0.143   0.314
   8   6  19   imag      0.080  -0.001   0.005   0.084   0.183
   8   7  19   real      0.020   0.053  -0.042   0.031  -0.058
   8   7  19   imag     -0.059  -0.158   0.124  -0.094   0.172
   8   8  19   real    -20.294  12.550 -10.907 -18.650 -15.447
   8   8  19   imag      0.000   0.000   0.000   0.000   0.000
   8   9  19   real     -0.204   0.185  -0.091  -0.110  -0.129
   8   9  19   imag     -0.068   0.062  -0.031  -0.037  -0.043
   8  10  19   real     -0.007   0.002   0.003  -0.002   0.004
   8  10  19   imag      0.018  -0.004  -0.009   0.005  -0.011
   8  11  19   real     -0.069  -0.038   0.074  -0.033  -0.020
   8  11  19   imag     -0.162  -0.090   0.173  -0.078  -0.046
   8  12  19   real      0.030   0.002   0.004   0.035   0.044
   8  12  19   imag     -0.036  -0.002  -0.004  -0.043  -0.053
   8  13  19   real     -0.015   0.042  -0.036  -0.009   0.021
   8  13  19   imag     -0.003   0.007  -0.006  -0.002   0.004
   8  14  19   real      0.163  -0.197   0.191   0.156   0.123
   8  14  19   imag      0.012  -0.014   0.014   0.011   0.009
   8  15  19   real     -0.170   0.024   0.000  -0.145  -0.180
   8  15  19   imag      0.158  -0.023   0.000   0.135   0.167
   8  16  19   real      0.452  -0.139   0.086   0.399   0.344
   8  16  19   imag     -0.083   0.025  -0.016  -0.073  -0.063
   8  17  19   real      0.019   0.008  -0.002   0.025   0.045
   8  17  19   imag      0.030   0.013  -0.003   0.040   0.071
   8  18  19   real      0.051   0.067  -0.100   0.018   0.007
   8  18  19   imag      0.009   0.011  -0.017   0.003   0.001
   8  19  19   real     -0.017   0.005  -0.013  -0.025  -0.038
   8  19  19   imag      0.205  -0.057   0.151   0.298   0.448
   9   1  19   real      0.034   0.073  -0.095   0.012  -0.026
   9   1  19   imag     -0.003  -0.007   0.009  -0.001   0.002
   9   2  19   real      0.051   0.034  -0.035   0.051   0.062
   9   2  19   imag      0.087   0.058  -0.059   0.087   0.106
   9   3  19   real      0.708  -0.376   0.208   0.540   0.623
   9   3  19   imag     -0.309   0.164  -0.091  -0.235  -0.272
   9   4  19   real     -0.081  -0.239   0.223  -0.097  -0.063
   9   4  19   imag      0.106   0.314  -0.292   0.128   0.083
   9   5  19   real      0.065   0.410  -0.578  -0.103  -0.324
   9   5  19   imag      0.012   0.075  -0.106  -0.019  -0.059
   9   6  19   real     -0.080   0.552  -0.458   0.014   0.095
   9   6  19   imag     -0.017   0.115  -0.095   0.003   0.020
   9   7  19   real      0.000   0.000   0.000   0.000   0.000
   9   7  19   imag     -0.718   0.174   0.108  -0.435  -0.287
   9   8  19   real     -0.204   0.185  -0.091  -0.110  -0.129
   9   8  19   imag      0.068  -0.062   0.031   0.037   0.043
   9   9  19   real    -19.476  12.203 -10.850 -18.122 -14.733
   9   9  19   imag      0.000   0.000   0.000   0.000   0.000
   9  10  19   real     -0.001   0.002  -0.002  -0.001  -0.001
   9  10  19   imag      0.044  -0.062   0.051   0.033   0.048
   9  11  19   real      0.005   0.118  -0.091   0.032  -0.017
   9  11  19   imag      0.005   0.133  -0.102   0.036  -0.019
   9  12  19   real     -0.002   0.018  -0.020  -0.003   0.012
   9  12  19   imag      0.005  -0.047   0.050   0.009  -0.031
   9  13  19   real     -0.032   0.037  -0.041  -0.035  -0.015
   9  13  19   imag      0.005  -0.006   0.006   0.006   0.002
   9  14  19   real      0.162  -0.437   0.421   0.146  -0.048
   9  14  19   imag     -0.042   0.112  -0.108  -0.038   0.012
   9  15  19   real     -0.156  -0.005   0.030  -0.131  -0.189
   9  15  19   imag      0.286   0.009  -0.055   0.240   0.346
   9  16  19   real      0.911  -0.245   0.082   0.748   0.883
   9  16  19   imag     -0.502   0.135  -0.045  -0.412  -0.487
   9  17  19   real     -0.063   0.153  -0.144  -0.055   0.034
   9  17  19   imag     -0.052   0.125  -0.119  -0.045   0.028
   9  18  19   real      0.932  -0.309   0.131   0.755   0.907
   9  18  19   imag     -0.146   0.048  -0.021  -0.118  -0.142
   9  19  19   real     -0.086   0.160  -0.144  -0.071   0.028
   9  19  19   imag     -0.355   0.657  -0.594  -0.292   0.116
  10   1  19   real     -0.007   0.006  -0.002  -0.002   0.000
  10   1  19   imag     -0.055   0.049  -0.014  -0.019   0.002
  10   2  19   real      0.245  -0.172   0.163   0.235   0.271
  10   2  19   imag     -0.154   0.108  -0.102  -0.148  -0.170
  10   3  19   real     -0.010  -0.016   0.015  -0.010  -0.020
  10   3  19   imag     -0.021  -0.033   0.032  -0.022  -0.042
  10   4  19   real      0.031  -0.016   0.022   0.037   0.027
  10   4  19   imag      0.023  -0.012   0.016   0.026   0.019
  10   5  19   real     -0.005   0.006  -0.005  -0.004   0.002
  10   5  19   imag      0.034  -0.041   0.031   0.024  -0.015
  10   6  19   real      0.020  -0.001  -0.003   0.016   0.021
  10   6  19   imag     -0.112   0.006   0.018  -0.089  -0.117
  10   7  19   real      0.015   0.024  -0.032   0.008   0.034
  10   7  19   imag      0.000  -0.001   0.001   0.000  -0.001
  10   8  19   real     -0.007   0.002   0.003  -0.002   0.004
  10   8  19   imag     -0.018   0.004   0.009  -0.005   0.011
  10   9  19   real     -0.001   0.002  -0.002  -0.001  -0.001
  10   9  19   imag     -0.044   0.062  -0.051  -0.033  -0.048
  10  10  19   real    -17.795  11.511 -10.058 -16.342 -13.425
  10  10  19   imag      0.000   0.000   0.000   0.000   0.000
  10  11  19   real      0.047  -0.035   0.054   0.066   0.010
  10  11  19   imag     -0.044   0.033  -0.051  -0.063  -0.010
  10  12  19   real     -0.123  -0.142   0.102  -0.162  -0.295
  10  12  19   imag     -0.044  -0.051   0.036  -0.058  -0.105
  10  13  19   real     -0.007   0.059  -0.046   0.006  -0.001
  10  13  19   imag     -0.038   0.314  -0.246   0.030  -0.008
  10  14  19   real      0.030  -0.011   0.002   0.021   0.025
  10  14  19   imag      0.102  -0.039   0.008   0.071   0.086
  10  15  19   real     -0.232   0.168  -0.046  -0.110  -0.029
  10  15  19   imag     -0.118   0.085  -0.023  -0.056  -0.015
  10  16  19   real     -0.026  -0.003   0.015  -0.014  -0.032
  10  16  19   imag     -0.043  -0.005   0.025  -0.023  -0.053
  10  17  19   real      0.009  -0.003   0.006   0.012   0.018
  10  17  19   imag     -0.012   0.004  -0.008  -0.016  -0.023
  10  18  19   real      0.009  -0.009   0.007   0.007   0.001
  10  18  19   imag      0.048  -0.048   0.040   0.039   0.006
  10  19  19   real      0.075  -0.053   0.062   0.084   0.098
  10  19  19   imag     -0.021   0.015  -0.017  -0.023  -0.027
  11   1  19   real     -0.101   0.046   0.052  -0.003   0.031
  11   1  19   imag      0.136  -0.062  -0.070   0.005  -0.043
  11   2  19   real     -0.909   0.657  -0.618  -0.869  -1.036
  11   2  19   imag     -0.181   0.131  -0.123  -0.173  -0.206
  11   3  19   real      0.034  -0.059   0.048   0.022   0.019
  11   3  19   imag     -0.103   0.181  -0.146  -0.068  -0.058
  11   4  19   real     -0.016  -0.016   0.012  -0.020  -0.043
  11   4  19   imag     -0.083  -0.082   0.064  -0.102  -0.220
  11   5  19   real      0.083  -0.036  -0.014   0.034  -0.009
  11   5  19   imag     -0.065   0.028   0.011  -0.026   0.007
  11   6  19   real     -0.686   0.110   0.033  -0.542  -0.591
  11   6  19   imag      0.509  -0.082  -0.024   0.402   0.438
  11   7  19   real     -0.091   0.030   0.015  -0.046  -0.027
  11   7  19   imag     -0.081   0.027   0.013  -0.041  -0.024
  11   8  19   real     -0.069  -0.038   0.074  -0.033  -0.020
  11   8  19   imag      0.162   0.090  -0.173   0.078   0.046
  11   9  19   real      0.005   0.118  -0.091   0.032  -0.017
  11   9  19   imag     -0.005  -0.133   0.102  -0.036   0.019
  11  10  19   real      0.047  -0.035   0.054   0.066   0.010
  11  10  19   imag      0.044  -0.033   0.051   0.063   0.010
  11  11  19   real    -18.446  11.679 -10.433 -17.200 -14.111
  11  11  19   imag      0.000   0.000   0.000   0.000   0.000
  11  12  19   real      0.033  -0.034   0.032   0.031   0.030
  11  12  19   imag      0.064  -0.066   0.062   0.061   0.058
  11  13  19   real     -0.025   0.001  -0.003  -0.027  -0.015
  11  13  19   imag      0.038  -0.001   0.005   0.042   0.024
  11  14  19   real      0.134  -0.041   0.051   0.144   0.178
  11  14  19   imag     -0.261   0.079  -0.099  -0.280  -0.346
  11  15  19   real      0.071  -0.063   0.052   0.060   0.047
  11  15  19   imag      0.196  -0.174   0.145   0.167   0.130
  11  16  19   real      0.087  -0.082   0.074   0.078   0.052
  11  16  19   imag     -0.381   0.363  -0.326  -0.345  -0.227
  11  17  19   real     -0.113   0.046  -0.056  -0.122  -0.147
  11  17  19   imag      0.018  -0.007   0.009   0.019   0.023
  11  18  19   real      0.138  -0.146   0.135   0.127   0.083
  11  18  19   imag     -0.214   0.227  -0.210  -0.196  -0.128
  11  19  19   real     -0.410   0.222  -0.234  -0.422  -0.485
  11  19  19   imag     -0.218   0.118  -0.124  -0.225  -0.258
  12   1  19   real      0.094  -0.054   0.056   0.096   0.095
  12   1  19   imag      0.189  -0.108   0.111   0.192   0.191
  12   2  19   real      0.020  -0.037   0.036   0.019   0.021
  12   2  19   imag     -0.025   0.047  -0.046  -0.024  -0.026
  12   3  19   real     -0.001   0.060  -0.062  -0.004   0.003
  12   3  19   imag     -0.001   0.060  -0.063  -0.004   0.003
  12   4  19   real     -0.137   0.086  -0.079  -0.130  -0.142
  12   4  19   imag     -0.039   0.025  -0.023  -0.037  -0.041
  12   5  19   real      0.014  -0.012   0.010   0.012   0.013
  12   5  19   imag      0.074  -0.063   0.054   0.064   0.068
  12   6  19   real      0.030  -0.013   0.012   0.030   0.037
  12   6  19   imag      0.181  -0.075   0.069   0.175   0.222
  12   7  19   real      0.021  -0.023   0.022   0.020   0.028
  12   7  19   imag     -0.008   0.009  -0.009  -0.008  -0.011
  12   8  19   real      0.030   0.002   0.004   0.035   0.044
  12   8  19   imag      0.036   0.002   0.004   0.043   0.053
  12   9  19   real     -0.002   0.018  -0.020  -0.003   0.012
  12   9  19   imag     -0.005   0.047  -0.050  -0.009   0.031
  12  10  19   real     -0.123  -0.142   0.102  -0.162  -0.295
  12  10  19   imag      0.044   0.051  -0.036   0.058   0.105
  12  11  19   real      0.033  -0.034   0.032   0.031   0.030
  12  11  19   imag     -0.064   0.066  -0.062  -0.061  -0.058
  12  12  19   real    -15.889   9.869  -9.108 -15.129 -12.959
  12  12  19   imag      0.000   0.000   0.000   0.000   0.000
  12  13  19   real     -0.007   0.041  -0.028   0.006   0.005
  12  13  19   imag     -0.012   0.070  -0.048   0.010   0.008
  12  14  19   real     -0.125   0.017   0.005  -0.103  -0.133
  12  14  19   imag     -0.174   0.024   0.007  -0.143  -0.185
  12  15  19   real      0.303  -0.301   0.096   0.098  -0.178
  12  15  19   imag      0.039  -0.038   0.012   0.013  -0.023
  12  16  19   real     -0.016   0.074  -0.102  -0.044  -0.015
  12  16  19   imag     -0.013   0.062  -0.085  -0.037  -0.012
  12  17  19   real     -0.021  -0.002  -0.002  -0.024  -0.042
  12  17  19   imag      0.064   0.006   0.005   0.074   0.129
  12  18  19   real     -0.029   0.055  -0.048  -0.021   0.017
  12  18  19   imag     -0.049   0.094  -0.082  -0.037   0.030
  12  19  19   real     -0.257   0.042  -0.060  -0.275  -0.429
  12  19  19   imag      0.180  -0.030   0.042   0.192   0.300
  13   1  19   real     -0.025   0.026  -0.027  -0.026  -0.011
  13   1  19   imag     -0.002   0.002  -0.002  -0.002  -0.001
  13   2  19   real      0.002  -0.015   0.017   0.004  -0.003
  13   2  19   imag      0.006  -0.039   0.042   0.009  -0.008
  13   3  19   real      0.034  -0.062   0.048   0.021  -0.016
  13   3  19   imag     -0.009   0.016  -0.013  -0.005   0.004
  13   4  19   real     -0.020  -0.030   0.025  -0.026  -0.071
  13   4  19   imag      0.020   0.029  -0.024   0.025   0.068
  13   5  19   real     -0.134   0.054  -0.054  -0.134  -0.180
  13   5  19   imag     -0.047   0.019  -0.019  -0.047  -0.063
  13   6  19   real      0.033  -0.032   0.032   0.033   0.007
  13   6  19   imag      0.012  -0.012   0.012   0.012   0.003
  13   7  19   real     -0.014   0.013  -0.012  -0.013  -0.003
  13   7  19   imag      0.089  -0.085   0.077   0.081   0.017
  13   8  19   real     -0.015   0.042  -0.036  -0.009   0.021
  13   8  19   imag      0.003  -0.007   0.006   0.002  -0.004
  13   9  19   real     -0.032   0.037  -0.041  -0.035  -0.015
  13   9  19   imag     -0.005   0.006  -0.006  -0.006  -0.002
  13  10  19   real     -0.007   0.059  -0.046   0.006  -0.001
  13  10  19   imag      0.038  -0.314   0.246  -0.030   0.008
  13  11  19   real     -0.025   0.001  -0.003  -0.027  -0.015
  13  11  19   imag     -0.038   0.001  -0.005  -0.042  -0.024
  13  12  19   real     -0.007   0.041  -0.028   0.006   0.005
  13  12  19   imag      0.012  -0.070   0.048  -0.010  -0.008
  13  13  19   real    -16.201   9.919  -9.288 -15.570 -13.774
  13  13  19   imag      0.000   0.000   0.000   0.000   0.000
  13  14  19   real     -0.063   0.108  -0.062  -0.017   0.084
  13  14  19   imag      0.006  -0.010   0.006   0.002  -0.008
  13  15  19   real      0.176  -0.177   0.121   0.120   0.037
  13  15  19   imag     -0.229   0.231  -0.158  -0.156  -0.048
  13  16  19   real     -0.004  -0.075   0.056  -0.023  -0.122
  13  16  19   imag      0.001   0.027  -0.020   0.008   0.044
  13  17  19   real      0.003   0.000   0.000   0.003   0.004
  13  17  19   imag      0.004  -0.001   0.000   0.003   0.005
  13  18  19   real     -0.129   0.053  -0.039  -0.114  -0.132
  13  18  19   imag      0.000   0.000   0.000   0.000   0.000
  13  19  19   real      0.005  -0.001   0.002   0.006   0.009
  13  19  19   imag      0.062  -0.018   0.025   0.069   0.112
  14   1  19   real      0.692  -0.671   0.633   0.654   0.696
  14   1  19   imag      0.112  -0.109   0.103   0.106   0.113
  14   2  19   real      0.027   0.012  -0.023   0.016   0.019
  14   2  19   imag      0.093   0.044  -0.080   0.057   0.066
  14   3  19   real      0.285  -0.840   0.816   0.261   0.008
  14   3  19   imag     -0.046   0.135  -0.131  -0.042  -0.001
  14   4  19   real     -0.314   0.049  -0.094  -0.359  -0.611
  14   4  19   imag      0.248  -0.039   0.074   0.283   0.481
  14   5  19   real      0.172  -0.098   0.076   0.150   0.071
  14   5  19   imag      0.079  -0.045   0.035   0.069   0.033
  14   6  19   real     -1.092   0.148  -0.213  -1.157  -1.665
  14   6  19   imag     -0.537   0.073  -0.105  -0.569  -0.819
  14   7  19   real     -0.186   0.235  -0.206  -0.157   0.007
  14   7  19   imag      0.723  -0.915   0.803   0.611  -0.026
  14   8  19   real      0.163  -0.197   0.191   0.156   0.123
  14   8  19   imag     -0.012   0.014  -0.014  -0.011  -0.009
  14   9  19   real      0.162  -0.437   0.421   0.146  -0.048
  14   9  19   imag      0.042  -0.112   0.108   0.038  -0.012
  14  10  19   real      0.030  -0.011   0.002   0.021   0.025
  14  10  19   imag     -0.102   0.039  -0.008  -0.071  -0.086
  14  11  19   real      0.134  -0.041   0.051   0.144   0.178
  14  11  19   imag      0.261  -0.079   0.099   0.280   0.346
  14  12  19   real     -0.125   0.017   0.005  -0.103  -0.133
  14  12  19   imag      0.174  -0.024  -0.007   0.143   0.185
  14  13  19   real     -0.063   0.108  -0.062  -0.017   0.084
  14  13  19   imag     -0.006   0.010  -0.006  -0.002   0.008
  14  14  19   real     -7.625   6.985  -7.687  -8.327  -3.904
  14  14  19   imag      0.000   0.000   0.000   0.000   0.000
  14  15  19   real     -0.955   1.518  -0.790  -0.227   1.715
  14  15  19   imag      1.024  -1.628   0.847   0.244  -1.839
  14  16  19   real      5.722  -5.629   4.617   4.710   0.700
  14  16  19   imag     -1.474   1.450  -1.189  -1.213  -0.180
  14  17  19   real     -0.108   0.227  -0.086   0.033   0.414
  14  17  19   imag     -0.147   0.310  -0.118   0.045   0.566
  14  18  19   real     -0.710   0.738  -0.648  -0.620   0.087
  14  18  19   imag     -0.069   0.072  -0.063  -0.060   0.008
  14  19  19   real      0.000   0.000  -0.006  -0.005  -0.014
  14  19  19   imag     -0.023  -0.034   0.450   0.393   1.009
  15   1  19   real      0.088  -0.106   0.093   0.074   0.088
  15   1  19   imag      0.131  -0.159   0.139   0.111   0.132
  15   2  19   real     -0.172   0.054  -0.056  -0.174  -0.173
  15   2  19   imag      0.286  -0.090   0.093   0.289   0.288
  15   3  19   real     -0.187  -0.134   0.128  -0.193  -0.276
  15   3  19   imag     -0.146  -0.104   0.099  -0.150  -0.215
  15   4  19   real     -0.139   0.045  -0.068  -0.162  -0.293
  15   4  19   imag     -0.021   0.007  -0.010  -0.025  -0.045
  15   5  19   real     -0.041   0.040  -0.038  -0.038  -0.044
  15   5  19   imag     -0.123   0.122  -0.114  -0.116  -0.134
  15   6  19   real     -0.053  -0.063   0.058  -0.059  -0.138
  15   6  19   imag     -0.177  -0.210   0.192  -0.194  -0.458
  15   7  19   real      0.100   0.189  -0.188   0.100   0.364
  15   7  19   imag     -0.054  -0.103   0.103  -0.055  -0.198
  15   8  19   real     -0.170   0.024   0.000  -0.145  -0.180
  15   8  19   imag     -0.158   0.023   0.000  -0.135  -0.167
  15   9  19   real     -0.156  -0.005   0.030  -0.131  -0.189
  15   9  19   imag     -0.286  -0.009   0.055  -0.240  -0.346
  15  10  19   real     -0.232   0.168  -0.046  -0.110  -0.029
  15  10  19   imag      0.118  -0.085   0.023   0.056   0.015
  15  11  19   real      0.071  -0.063   0.052   0.060   0.047
  15  11  19   imag     -0.196   0.174  -0.145  -0.167  -0.130
  15  12  19   real      0.303  -0.301   0.096   0.098  -0.178
  15  12  19   imag     -0.039   0.038  -0.012  -0.013   0.023
  15  13  19   real      0.176  -0.177   0.121   0.120   0.037
  15  13  19   imag      0.229  -0.231   0.158   0.156   0.048
  15  14  19   real     -0.955   1.518  -0.790  -0.227   1.715
  15  14  19   imag     -1.024   1.628  -0.847  -0.244   1.839
  15  15  19   real     -9.263   6.154  -8.829 -11.938 -11.606
  15  15  19   imag      0.000   0.000   0.000   0.000   0.000
  15  16  19   real      1.062  -1.691   0.895   0.267  -1.923
  15  16  19   imag      0.678  -1.080   0.572   0.170  -1.228
  15  17  19   real      0.014  -0.041   0.017  -0.009  -0.081
  15  17  19   imag     -0.074   0.212  -0.089   0.048   0.424
  15  18  19   real     -0.286   0.338  -0.208  -0.156   0.250
  15  18  19   imag     -0.373   0.441  -0.272  -0.204   0.326
  15  19  19   real      0.037  -0.080  -0.092  -0.135  -0.568
  15  19  19   imag     -0.033   0.072   0.084   0.123   0.516
  16   1  19   real      0.157   0.039  -0.057   0.139   0.033
  16   1  19   imag      0.069   0.017  -0.025   0.061   0.015
  16   2  19   real     -0.001  -0.001   0.001  -0.001   0.000
  16   2  19   imag     -0.028  -0.024   0.027  -0.026  -0.015
  16   3  19   real      0.654   0.200  -0.147   0.708   0.938
  16   3  19   imag      0.061   0.019  -0.014   0.066   0.087
  16   4  19   real     -0.468   0.449  -0.363  -0.381  -0.049
  16   4  19   imag      0.206  -0.198   0.160   0.168   0.022
  16   5  19   real      0.291  -0.186   0.187   0.292   0.426
  16   5  19   imag      0.238  -0.152   0.153   0.238   0.348
  16   6  19   real     -0.481   0.678  -0.630  -0.433  -0.101
  16   6  19   imag     -0.413   0.582  -0.541  -0.371  -0.087
  16   7  19   real     -0.500   0.066  -0.083  -0.517  -0.824
  16   7  19   imag      0.908  -0.120   0.151   0.938   1.495
  16   8  19   real      0.452  -0.139   0.086   0.399   0.344
  16   8  19   imag      0.083  -0.025   0.016   0.073   0.063
  16   9  19   real      0.911  -0.245   0.082   0.748   0.883
  16   9  19   imag      0.502  -0.135   0.045   0.412   0.487
  16  10  19   real     -0.026  -0.003   0.015  -0.014  -0.032
  16  10  19   imag      0.043   0.005  -0.025   0.023   0.053
  16  11  19   real      0.087  -0.082   0.074   0.078   0.052
  16  11  19   imag      0.381  -0.363   0.326   0.345   0.227
  16  12  19   real     -0.016   0.074  -0.102  -0.044  -0.015
  16  12  19   imag      0.013  -0.062   0.085   0.037   0.012
  16  13  19   real     -0.004  -0.075   0.056  -0.023  -0.122
  16  13  19   imag     -0.001  -0.027   0.020  -0.008  -0.044
  16  14  19   real      5.722  -5.629   4.617   4.710   0.700
  16  14  19   imag      1.474  -1.450   1.189   1.213   0.180
  16  15  19   real      1.062  -1.691   0.895   0.267  -1.923
  16  15  19   imag     -0.678   1.080  -0.572  -0.170   1.228
  16  16  19   real     -6.893   6.087  -7.004  -7.810  -4.144
  16  16  19   imag      0.000   0.000   0.000   0.000   0.000
  16  17  19   real      0.133  -0.129   0.128   0.132   0.040
  16  17  19   imag      0.335  -0.324   0.321   0.332   0.099
  16  18  19   real     -0.103  -0.410  -0.205  -0.719  -2.013
  16  18  19   imag     -0.038  -0.149  -0.075  -0.261  -0.733
  16  19  19   real     -0.283   0.205  -0.199  -0.277  -0.080
  16  19  19   imag      1.040  -0.752   0.731   1.019   0.295
  17   1  19   real     -0.170   0.162  -0.158  -0.166  -0.174
  17   1  19   imag      0.168  -0.160   0.156   0.164   0.171
  17   2  19   real     -0.068   0.012   0.009  -0.047  -0.046
  17   2  19   imag     -0.025   0.004   0.003  -0.017  -0.017
  17   3  19   real     -0.019   0.079  -0.077  -0.017   0.005
  17   3  19   imag      0.038  -0.155   0.151   0.034  -0.010
  17   4  19   real      0.001   0.000   0.000   0.001   0.000
  17   4  19   imag      0.016   0.003  -0.002   0.017  -0.007
  17   5  19   real      0.002  -0.017   0.023   0.008   0.012
  17   5  19   imag     -0.001   0.009  -0.013  -0.005  -0.006
  17   6  19   real      0.393  -0.092   0.107   0.408   0.552
  17   6  19   imag     -0.206   0.048  -0.056  -0.214  -0.289
  17   7  19   real     -0.084   0.098  -0.088  -0.074  -0.016
  17   7  19   imag     -0.102   0.120  -0.107  -0.090  -0.019
  17   8  19   real      0.019   0.008  -0.002   0.025   0.045
  17   8  19   imag     -0.030  -0.013   0.003  -0.040  -0.071
  17   9  19   real     -0.063   0.153  -0.144  -0.055   0.034
  17   9  19   imag      0.052  -0.125   0.119   0.045  -0.028
  17  10  19   real      0.009  -0.003   0.006   0.012   0.018
  17  10  19   imag      0.012  -0.004   0.008   0.016   0.023
  17  11  19   real     -0.113   0.046  -0.056  -0.122  -0.147
  17  11  19   imag     -0.018   0.007  -0.009  -0.019  -0.023
  17  12  19   real     -0.021  -0.002  -0.002  -0.024  -0.042
  17  12  19   imag     -0.064  -0.006  -0.005  -0.074  -0.129
  17  13  19   real      0.003   0.000   0.000   0.003   0.004
  17  13  19   imag     -0.004   0.001   0.000  -0.003  -0.005
  17  14  19   real     -0.108   0.227  -0.086   0.033   0.414
  17  14  19   imag      0.147  -0.310   0.118  -0.045  -0.566
  17  15  19   real      0.014  -0.041   0.017  -0.009  -0.081
  17  15  19   imag      0.074  -0.212   0.089  -0.048  -0.424
  17  16  19   real      0.133  -0.129   0.128   0.132   0.040
  17  16  19   imag     -0.335   0.324  -0.321  -0.332  -0.099
  17  17  19   real    -10.590  11.603 -11.104 -10.090  -0.404
  17  17  19   imag      0.000   0.000   0.000   0.000   0.000
  17  18  19   real     -2.924   2.981  -2.363  -2.307  -0.011
  17  18  19   imag      3.281  -3.344   2.651   2.588   0.012
  17  19  19   real      1.458  -1.920   1.538   1.075  -0.656
  17  19  19   imag      1.096  -1.444   1.157   0.809  -0.493
  18   1  19   real      0.032   0.068  -0.076   0.025  -0.030
  18   1  19   imag      0.002   0.004  -0.005   0.002  -0.002
  18   2  19   real     -0.035   0.029  -0.027  -0.033  -0.023
  18   2  19   imag     -0.088   0.073  -0.069  -0.085  -0.057
  18   3  19   real      0.312  -0.019   0.052   0.345   0.416
  18   3  19   imag     -0.082   0.005  -0.014  -0.090  -0.109
  18   4  19   real     -0.076   0.021   0.017  -0.038   0.011
  18   4  19   imag      0.073  -0.020  -0.016   0.036  -0.010
  18   5  19   real      0.397  -0.276   0.256   0.377   0.466
  18   5  19   imag      0.139  -0.096   0.089   0.132   0.163
  18   6  19   real     -0.208   0.340  -0.309  -0.177  -0.003
  18   6  19   imag     -0.078   0.128  -0.116  -0.067  -0.001
  18   7  19   real     -0.026  -0.002   0.002  -0.025  -0.043
  18   7  19   imag      0.164   0.010  -0.014   0.160   0.274
  18   8  19   real      0.051   0.067  -0.100   0.018   0.007
  18   8  19   imag     -0.009  -0.011   0.017  -0.003  -0.001
  18   9  19   real      0.932  -0.309   0.131   0.755   0.907
  18   9  19   imag      0.146  -0.048   0.021   0.118   0.142
  18  10  19   real      0.009  -0.009   0.007   0.007   0.001
  18  10  19   imag     -0.048   0.048  -0.040  -0.039  -0.006
  18  11  19   real      0.138  -0.146   0.135   0.127   0.083
  18  11  19   imag      0.214  -0.227   0.210   0.196   0.128
  18  12  19   real     -0.029   0.055  -0.048  -0.021   0.017
  18  12  19   imag      0.049  -0.094   0.082   0.037  -0.030
  18  13  19   real     -0.129   0.053  -0.039  -0.114  -0.132
  18  13  19   imag      0.000   0.000   0.000   0.000   0.000
  18  14  19   real     -0.710   0.738  -0.648  -0.620   0.087
  18  14  19   imag      0.069  -0.072   0.063   0.060  -0.008
  18  15  19   real     -0.286   0.338  -0.208  -0.156   0.250
  18  15  19   imag      0.373  -0.441   0.272   0.204  -0.326
  18  16  19   real     -0.103  -0.410  -0.205  -0.719  -2.013
  18  16  19   imag      0.038   0.149   0.075   0.261   0.733
  18  17  19   real     -2.924   2.981  -2.363  -2.307  -0.011
  18  17  19   imag     -3.281   3.344  -2.651  -2.588  -0.012
  18  18  19   real     -7.744   7.314  -7.817  -8.247  -2.489
  18  18  19   imag      0.000   0.000   0.000   0.000   0.000
  18  19  19   real     -0.231   0.245  -0.202  -0.188   0.008
  18  19  19   imag     -2.768   2.934  -2.424  -2.258   0.098
  19   1  19   real     -0.070   0.072  -0.076  -0.074  -0.077
  19   1  19   imag      0.471  -0.485   0.511   0.497   0.519
  19   2  19   real     -0.156   0.037   0.051  -0.068  -0.057
  19   2  19   imag      0.047  -0.011  -0.015   0.020   0.017
  19   3  19   real     -0.003  -0.032   0.033  -0.002  -0.003
  19   3  19   imag     -0.015  -0.183   0.188  -0.011  -0.018
  19   4  19   real      0.390  -0.121   0.179   0.449   0.576
  19   4  19   imag      0.482  -0.149   0.222   0.554   0.711
  19   5  19   real      0.066  -0.067   0.073   0.072   0.052
  19   5  19   imag     -0.148   0.150  -0.164  -0.161  -0.116
  19   6  19   real      0.511  -0.159   0.162   0.514   0.637
  19   6  19   imag     -1.076   0.334  -0.340  -1.083  -1.342
  19   7  19   real      0.052  -0.087   0.047   0.012  -0.130
  19   7  19   imag      0.013  -0.021   0.011   0.003  -0.032
  19   8  19   real     -0.017   0.005  -0.013  -0.025  -0.038
  19   8  19   imag     -0.205   0.057  -0.151  -0.298  -0.448
  19   9  19   real     -0.086   0.160  -0.144  -0.071   0.028
  19   9  19   imag      0.355  -0.657   0.594   0.292  -0.116
  19  10  19   real      0.075  -0.053   0.062   0.084   0.098
  19  10  19   imag      0.021  -0.015   0.017   0.023   0.027
  19  11  19   real     -0.410   0.222  -0.234  -0.422  -0.485
  19  11  19   imag      0.218  -0.118   0.124   0.225   0.258
  19  12  19   real     -0.257   0.042  -0.060  -0.275  -0.429
  19  12  19   imag     -0.180   0.030  -0.042  -0.192  -0.300
  19  13  19   real      0.005  -0.001   0.002   0.006   0.009
  19  13  19   imag     -0.062   0.018  -0.025  -0.069  -0.112
  19  14  19   real      0.000   0.000  -0.006  -0.005  -0.014
  19  14  19   imag      0.023   0.034  -0.450  -0.393  -1.009
  19  15  19   real      0.037  -0.080  -0.092  -0.135  -0.568
  19  15  19   imag      0.033  -0.072  -0.084  -0.123  -0.516
  19  16  19   real     -0.283   0.205  -0.199  -0.277  -0.080
  19  16  19   imag     -1.040   0.752  -0.731  -1.019  -0.295
  19  17  19   real      1.458  -1.920   1.538   1.075  -0.656
  19  17  19   imag     -1.096   1.444  -1.157  -0.809   0.493
  19  18  19   real     -0.231   0.245  -0.202  -0.188   0.008
  19  18  19   imag      2.768  -2.934   2.424   2.258  -0.098
  19  19  19   real     -8.284   7.750  -8.479  -9.013  -3.569
  19  19  19   imag      0.000   0.000   0.000   0.000   0.000
