   1   1  10   real    -24.715  25.528 -21.816 -21.003 -15.080
   1   1  10   imag      0.000   0.000   0.000   0.000   0.000
   1   2  10   real     -0.358   0.138  -0.044  -0.264  -0.184
   1   2  10   imag     -0.761   0.293  -0.095  -0.562  -0.391
   1   3  10   real     -0.115  -0.595   0.542  -0.168  -0.060
   1   3  10   imag      0.038   0.197  -0.179   0.056   0.020
   1   4  10   real      0.151   0.021  -0.094   0.078   0.040
   1   4  10   imag     -0.164  -0.023   0.102  -0.085  -0.044
   1   5  10   real     -0.110   0.081  -0.076  -0.105  -0.026
   1   5  10   imag     -0.031   0.023  -0.021  -0.029  -0.007
   1   6  10   real     -0.506   0.380  -0.402  -0.528  -0.701
   1   6  10   imag     -0.154   0.116  -0.123  -0.161  -0.214
   1   7  10   real      0.004  -0.007   0.009   0.005  -0.004
   1   7  10   imag     -0.041   0.081  -0.096  -0.057   0.048
   1   8  10   real      0.123  -0.077   0.065   0.110   0.041
   1   8  10   imag     -0.029   0.018  -0.015  -0.026  -0.010
   1   9  10   real      0.034  -0.068   0.047   0.013  -0.026
   1   9  10   imag      0.003  -0.006   0.004   0.001  -0.002
   1  10  10   real     -0.007   0.007  -0.002  -0.002   0.000
   1  10  10   imag      0.055  -0.056   0.018   0.016  -0.002
   1  11  10   real     -0.101   0.066   0.034  -0.001   0.031
   1  11  10   imag     -0.136   0.090   0.046  -0.001   0.043
   1  12  10   real      0.094  -0.064   0.065   0.096   0.095
   1  12  10   imag     -0.189   0.128  -0.131  -0.193  -0.191
   1  13  10   real     -0.025   0.031  -0.032  -0.026  -0.011
   1  13  10   imag      0.002  -0.002   0.002   0.002   0.001
   1  14  10   real      0.692  -0.296   0.239   0.635   0.696
   1  14  10   imag     -0.112   0.048  -0.039  -0.103  -0.113
   1  15  10   real      0.088  -0.007  -0.008   0.072   0.088
   1  15  10   imag     -0.131   0.010   0.013  -0.108  -0.132
   1  16  10   real      0.157  -0.238   0.219   0.138   0.033
   1  16  10   imag     -0.069   0.104  -0.096  -0.060  -0.015
   1  17  10   real     -0.170   0.078  -0.070  -0.162  -0.174
   1  17  10   imag     -0.168   0.077  -0.069  -0.160  -0.171
   1  18  10   real      0.032  -0.095   0.088   0.025  -0.030
   1  18  10   imag     -0.002   0.006  -0.006  -0.002   0.002
   1  19  10   real     -0.070   0.033  -0.035  -0.072  -0.077
   1  19  10   imag     -0.471   0.223  -0.236  -0.484  -0.519
   2   1  10   real     -0.358   0.138  -0.044  -0.264  -0.184
   2   1  10   imag      0.761  -0.293   0.095   0.562   0.391
   2   2  10   real    -23.430  17.274 -13.932 -20.088 -14.994
   2   2  10   imag      0.000   0.000   0.000   0.000   0.000
   2   3  10   real      0.007  -0.025   0.021   0.004   0.000
   2   3  10   imag     -0.058   0.206  -0.178  -0.031   0.001
   2   4  10   real      0.102   0.021  -0.050   0.074   0.057
   2   4  10   imag      0.250   0.051  -0.121   0.180   0.139
   2   5  10   real      0.002   0.270  -0.209   0.063   0.023
   2   5  10   imag     -0.002  -0.313   0.243  -0.073  -0.026
   2   6  10   real     -0.055   0.234  -0.201  -0.022  -0.139
   2   6  10   imag      0.060  -0.258   0.222   0.024   0.153
   2   7  10   real      0.060  -0.110   0.091   0.041   0.014
   2   7  10   imag      0.035  -0.065   0.054   0.024   0.008
   2   8  10   real     -0.061   0.082  -0.066  -0.045  -0.058
   2   8  10   imag      0.290  -0.388   0.312   0.213   0.277
   2   9  10   real      0.051   0.001   0.000   0.053   0.062
   2   9  10   imag     -0.087  -0.002  -0.001  -0.090  -0.106
   2  10  10   real      0.245  -0.170   0.158   0.233   0.271
   2  10  10   imag      0.154  -0.107   0.099   0.146   0.170
   2  11  10   real     -0.909   0.657  -0.626  -0.877  -1.036
   2  11  10   imag      0.181  -0.131   0.125   0.175   0.206
   2  12  10   real      0.020  -0.027   0.025   0.018   0.021
   2  12  10   imag      0.025  -0.035   0.032   0.023   0.026
   2  13  10   real      0.002  -0.004   0.005   0.003  -0.003
   2  13  10   imag     -0.006   0.011  -0.013  -0.008   0.008
   2  14  10   real      0.027  -0.010  -0.001   0.017   0.019
   2  14  10   imag     -0.093   0.033   0.002  -0.058  -0.066
   2  15  10   real     -0.172   0.076  -0.077  -0.172  -0.173
   2  15  10   imag     -0.286   0.127  -0.128  -0.287  -0.288
   2  16  10   real     -0.001   0.000   0.000  -0.001   0.000
   2  16  10   imag      0.028  -0.014   0.012   0.026   0.015
   2  17  10   real     -0.068   0.027  -0.006  -0.047  -0.046
   2  17  10   imag      0.025  -0.010   0.002   0.017   0.017
   2  18  10   real     -0.035   0.022  -0.020  -0.033  -0.023
   2  18  10   imag      0.088  -0.055   0.051   0.084   0.057
   2  19  10   real     -0.156   0.050   0.035  -0.071  -0.057
   2  19  10   imag     -0.047   0.015   0.011  -0.021  -0.017
   3   1  10   real     -0.115  -0.595   0.542  -0.168  -0.060
   3   1  10   imag     -0.038  -0.197   0.179  -0.056  -0.020
   3   2  10   real      0.007  -0.025   0.021   0.004   0.000
   3   2  10   imag      0.058  -0.206   0.178   0.031  -0.001
   3   3  10   real    -23.712  17.202 -13.754 -20.265 -15.212
   3   3  10   imag      0.000   0.000   0.000   0.000   0.000
   3   4  10   real      0.210   0.357  -0.271   0.296   0.020
   3   4  10   imag     -0.117  -0.198   0.151  -0.165  -0.011
   3   5  10   real      0.620  -0.224   0.093   0.488   0.315
   3   5  10   imag      0.417  -0.151   0.062   0.328   0.212
   3   6  10   real      0.040   0.181  -0.121   0.100  -0.020
   3   6  10   imag      0.028   0.128  -0.086   0.071  -0.014
   3   7  10   real     -0.498   0.408  -0.356  -0.447  -0.406
   3   7  10   imag      1.143  -0.935   0.816   1.025   0.931
   3   8  10   real      0.023  -0.034   0.044   0.032   0.179
   3   8  10   imag      0.002  -0.003   0.004   0.003   0.016
   3   9  10   real      0.708  -0.464   0.292   0.536   0.623
   3   9  10   imag      0.309  -0.202   0.127   0.234   0.272
   3  10  10   real     -0.010  -0.003   0.003  -0.010  -0.020
   3  10  10   imag      0.021   0.006  -0.006   0.021   0.042
   3  11  10   real      0.034  -0.040   0.027   0.021   0.019
   3  11  10   imag      0.103  -0.122   0.083   0.064   0.058
   3  12  10   real     -0.001   0.018  -0.020  -0.003   0.003
   3  12  10   imag      0.001  -0.018   0.020   0.003  -0.003
   3  13  10   real      0.034  -0.043   0.030   0.021  -0.016
   3  13  10   imag      0.009  -0.011   0.008   0.005  -0.004
   3  14  10   real      0.285  -0.304   0.279   0.259   0.008
   3  14  10   imag      0.046  -0.049   0.045   0.042   0.001
   3  15  10   real     -0.187   0.077  -0.076  -0.187  -0.276
   3  15  10   imag      0.146  -0.060   0.059   0.145   0.215
   3  16  10   real      0.654  -0.275   0.302   0.681   0.938
   3  16  10   imag     -0.061   0.025  -0.028  -0.063  -0.087
   3  17  10   real     -0.019   0.022  -0.020  -0.017   0.005
   3  17  10   imag     -0.038   0.044  -0.040  -0.034   0.010
   3  18  10   real      0.312  -0.171   0.192   0.333   0.416
   3  18  10   imag      0.082  -0.045   0.050   0.087   0.109
   3  19  10   real     -0.003   0.002  -0.001  -0.002  -0.003
   3  19  10   imag      0.015  -0.011   0.006   0.011   0.018
   4   1  10   real      0.151   0.021  -0.094   0.078   0.040
   4   1  10   imag      0.164   0.023  -0.102   0.085   0.044
   4   2  10   real      0.102   0.021  -0.050   0.074   0.057
   4   2  10   imag     -0.250  -0.051   0.121  -0.180  -0.139
   4   3  10   real      0.210   0.357  -0.271   0.296   0.020
   4   3  10   imag      0.117   0.198  -0.151   0.165   0.011
   4   4  10   real    -21.052  13.569 -10.853 -18.336 -14.697
   4   4  10   imag      0.000   0.000   0.000   0.000   0.000
   4   5  10   real      0.092   0.047  -0.024   0.115  -0.013
   4   5  10   imag      0.182   0.092  -0.047   0.227  -0.026
   4   6  10   real      0.215  -0.141   0.103   0.177   0.065
   4   6  10   imag      0.450  -0.295   0.214   0.369   0.137
   4   7  10   real     -0.501  -0.098   0.085  -0.514  -0.146
   4   7  10   imag      0.382   0.075  -0.065   0.392   0.112
   4   8  10   real     -0.770   0.593  -0.445  -0.623  -0.637
   4   8  10   imag     -0.522   0.402  -0.302  -0.422  -0.432
   4   9  10   real     -0.081  -0.145   0.115  -0.111  -0.063
   4   9  10   imag     -0.106  -0.191   0.150  -0.146  -0.083
   4  10  10   real      0.031  -0.005   0.015   0.041   0.027
   4  10  10   imag     -0.023   0.004  -0.011  -0.030  -0.019
   4  11  10   real     -0.016  -0.017   0.009  -0.024  -0.043
   4  11  10   imag      0.083   0.086  -0.046   0.123   0.220
   4  12  10   real     -0.137   0.089  -0.078  -0.125  -0.142
   4  12  10   imag      0.039  -0.026   0.022   0.036   0.041
   4  13  10   real     -0.020  -0.010   0.008  -0.022  -0.071
   4  13  10   imag     -0.020  -0.009   0.008  -0.021  -0.068
   4  14  10   real     -0.314   0.118  -0.148  -0.344  -0.611
   4  14  10   imag     -0.248   0.093  -0.116  -0.271  -0.481
   4  15  10   real     -0.139   0.073  -0.087  -0.153  -0.293
   4  15  10   imag      0.021  -0.011   0.013   0.024   0.045
   4  16  10   real     -0.468   0.349  -0.259  -0.377  -0.049
   4  16  10   imag     -0.206   0.154  -0.114  -0.166  -0.022
   4  17  10   real      0.001   0.000   0.000   0.001   0.000
   4  17  10   imag     -0.016   0.013  -0.014  -0.016   0.007
   4  18  10   real     -0.076   0.041  -0.003  -0.038   0.011
   4  18  10   imag     -0.073   0.039  -0.002  -0.036   0.010
   4  19  10   real      0.390  -0.208   0.250   0.432   0.576
   4  19  10   imag     -0.482   0.257  -0.309  -0.534  -0.711
   5   1  10   real     -0.110   0.081  -0.076  -0.105  -0.026
   5   1  10   imag      0.031  -0.023   0.021   0.029   0.007
   5   2  10   real      0.002   0.270  -0.209   0.063   0.023
   5   2  10   imag      0.002   0.313  -0.243   0.073   0.026
   5   3  10   real      0.620  -0.224   0.093   0.488   0.315
   5   3  10   imag     -0.417   0.151  -0.062  -0.328  -0.212
   5   4  10   real      0.092   0.047  -0.024   0.115  -0.013
   5   4  10   imag     -0.182  -0.092   0.047  -0.227   0.026
   5   5  10   real    -21.107  13.184 -10.575 -18.498 -14.681
   5   5  10   imag      0.000   0.000   0.000   0.000   0.000
   5   6  10   real      0.172  -0.092   0.067   0.147   0.020
   5   6  10   imag      0.004  -0.002   0.002   0.004   0.000
   5   7  10   real     -0.008   0.015   0.010   0.016  -0.037
   5   7  10   imag     -0.046   0.080   0.052   0.087  -0.200
   5   8  10   real     -0.106  -0.344   0.276  -0.174   0.018
   5   8  10   imag      0.058   0.190  -0.152   0.096  -0.010
   5   9  10   real      0.065   0.370  -0.521  -0.086  -0.324
   5   9  10   imag     -0.012  -0.068   0.095   0.016   0.059
   5  10  10   real     -0.005   0.005  -0.004  -0.004   0.002
   5  10  10   imag     -0.034   0.035  -0.024  -0.023   0.015
   5  11  10   real      0.083  -0.054   0.002   0.031  -0.009
   5  11  10   imag      0.065  -0.042   0.002   0.024  -0.007
   5  12  10   real      0.014  -0.010   0.008   0.012   0.013
   5  12  10   imag     -0.074   0.053  -0.042  -0.064  -0.068
   5  13  10   real     -0.134   0.061  -0.057  -0.130  -0.180
   5  13  10   imag      0.047  -0.021   0.020   0.045   0.063
   5  14  10   real      0.172  -0.108   0.085   0.150   0.071
   5  14  10   imag     -0.079   0.050  -0.039  -0.069  -0.033
   5  15  10   real     -0.041   0.033  -0.029  -0.036  -0.044
   5  15  10   imag      0.123  -0.100   0.087   0.110   0.134
   5  16  10   real      0.291  -0.183   0.173   0.281   0.426
   5  16  10   imag     -0.238   0.150  -0.142  -0.230  -0.348
   5  17  10   real      0.002  -0.005   0.011   0.008   0.012
   5  17  10   imag      0.001  -0.003   0.006   0.004   0.006
   5  18  10   real      0.397  -0.260   0.231   0.368   0.466
   5  18  10   imag     -0.139   0.091  -0.081  -0.128  -0.163
   5  19  10   real      0.066  -0.047   0.052   0.071   0.052
   5  19  10   imag      0.148  -0.105   0.117   0.159   0.116
   6   1  10   real     -0.506   0.380  -0.402  -0.528  -0.701
   6   1  10   imag      0.154  -0.116   0.123   0.161   0.214
   6   2  10   real     -0.055   0.234  -0.201  -0.022  -0.139
   6   2  10   imag     -0.060   0.258  -0.222  -0.024  -0.153
   6   3  10   real      0.040   0.181  -0.121   0.100  -0.020
   6   3  10   imag     -0.028  -0.128   0.086  -0.071   0.014
   6   4  10   real      0.215  -0.141   0.103   0.177   0.065
   6   4  10   imag     -0.450   0.295  -0.214  -0.369  -0.137
   6   5  10   real      0.172  -0.092   0.067   0.147   0.020
   6   5  10   imag     -0.004   0.002  -0.002  -0.004   0.000
   6   6  10   real    -20.210  12.360  -9.853 -17.704 -14.218
   6   6  10   imag      0.000   0.000   0.000   0.000   0.000
   6   7  10   real      0.029   0.086  -0.067   0.048  -0.017
   6   7  10   imag      0.138   0.413  -0.321   0.230  -0.083
   6   8  10   real      0.137  -0.068   0.072   0.141   0.314
   6   8  10   imag     -0.080   0.040  -0.042  -0.083  -0.183
   6   9  10   real     -0.080   0.325  -0.215   0.030   0.095
   6   9  10   imag      0.017  -0.068   0.045  -0.006  -0.020
   6  10  10   real      0.020  -0.002  -0.001   0.016   0.021
   6  10  10   imag      0.112  -0.014  -0.006   0.092   0.117
   6  11  10   real     -0.686   0.127  -0.008  -0.566  -0.591
   6  11  10   imag     -0.509   0.094  -0.006  -0.420  -0.438
   6  12  10   real      0.030  -0.018   0.016   0.029   0.037
   6  12  10   imag     -0.181   0.106  -0.096  -0.171  -0.222
   6  13  10   real      0.033  -0.021   0.022   0.034   0.007
   6  13  10   imag     -0.012   0.008  -0.008  -0.013  -0.003
   6  14  10   real     -1.092   0.480  -0.505  -1.117  -1.665
   6  14  10   imag      0.537  -0.236   0.248   0.549   0.819
   6  15  10   real     -0.053  -0.001  -0.002  -0.056  -0.138
   6  15  10   imag      0.177   0.004   0.006   0.187   0.458
   6  16  10   real     -0.481   0.405  -0.352  -0.427  -0.101
   6  16  10   imag      0.413  -0.348   0.302   0.367   0.087
   6  17  10   real      0.393  -0.186   0.188   0.396   0.552
   6  17  10   imag      0.206  -0.097   0.099   0.207   0.289
   6  18  10   real     -0.208   0.189  -0.157  -0.177  -0.003
   6  18  10   imag      0.078  -0.071   0.059   0.067   0.001
   6  19  10   real      0.511  -0.257   0.246   0.500   0.637
   6  19  10   imag      1.076  -0.541   0.517   1.052   1.342
   7   1  10   real      0.004  -0.007   0.009   0.005  -0.004
   7   1  10   imag      0.041  -0.081   0.096   0.057  -0.048
   7   2  10   real      0.060  -0.110   0.091   0.041   0.014
   7   2  10   imag     -0.035   0.065  -0.054  -0.024  -0.008
   7   3  10   real     -0.498   0.408  -0.356  -0.447  -0.406
   7   3  10   imag     -1.143   0.935  -0.816  -1.025  -0.931
   7   4  10   real     -0.501  -0.098   0.085  -0.514  -0.146
   7   4  10   imag     -0.382  -0.075   0.065  -0.392  -0.112
   7   5  10   real     -0.008   0.015   0.010   0.016  -0.037
   7   5  10   imag      0.046  -0.080  -0.052  -0.087   0.200
   7   6  10   real      0.029   0.086  -0.067   0.048  -0.017
   7   6  10   imag     -0.138  -0.413   0.321  -0.230   0.083
   7   7  10   real    -19.416  11.722  -9.471 -17.164 -14.922
   7   7  10   imag      0.000   0.000   0.000   0.000   0.000
   7   8  10   real      0.020   0.057  -0.037   0.040  -0.058
   7   8  10   imag      0.059   0.171  -0.112   0.118  -0.172
   7   9  10   real      0.000   0.000   0.000   0.000   0.000
   7   9  10   imag      0.718  -0.166  -0.096   0.455   0.287
   7  10  10   real      0.015   0.005  -0.015   0.005   0.034
   7  10  10   imag      0.000   0.000   0.000   0.000   0.001
   7  11  10   real     -0.091   0.048  -0.001  -0.045  -0.027
   7  11  10   imag      0.081  -0.042   0.001   0.040   0.024
   7  12  10   real      0.021  -0.022   0.021   0.020   0.028
   7  12  10   imag      0.008  -0.009   0.008   0.008   0.011
   7  13  10   real     -0.014   0.009  -0.008  -0.013  -0.003
   7  13  10   imag     -0.089   0.057  -0.053  -0.086  -0.017
   7  14  10   real     -0.186   0.164  -0.132  -0.154   0.007
   7  14  10   imag     -0.723   0.637  -0.514  -0.600   0.026
   7  15  10   real      0.100   0.065  -0.070   0.095   0.364
   7  15  10   imag      0.054   0.036  -0.038   0.052   0.198
   7  16  10   real     -0.500   0.174  -0.172  -0.498  -0.824
   7  16  10   imag     -0.908   0.316  -0.312  -0.904  -1.495
   7  17  10   real     -0.084   0.071  -0.059  -0.072  -0.016
   7  17  10   imag      0.102  -0.087   0.072   0.087   0.019
   7  18  10   real     -0.026   0.004  -0.002  -0.024  -0.043
   7  18  10   imag     -0.164   0.026  -0.016  -0.153  -0.274
   7  19  10   real      0.052  -0.075   0.036   0.012  -0.130
   7  19  10   imag     -0.013   0.018  -0.009  -0.003   0.032
   8   1  10   real      0.123  -0.077   0.065   0.110   0.041
   8   1  10   imag      0.029  -0.018   0.015   0.026   0.010
   8   2  10   real     -0.061   0.082  -0.066  -0.045  -0.058
   8   2  10   imag     -0.290   0.388  -0.312  -0.213  -0.277
   8   3  10   real      0.023  -0.034   0.044   0.032   0.179
   8   3  10   imag     -0.002   0.003  -0.004  -0.003  -0.016
   8   4  10   real     -0.770   0.593  -0.445  -0.623  -0.637
   8   4  10   imag      0.522  -0.402   0.302   0.422   0.432
   8   5  10   real     -0.106  -0.344   0.276  -0.174   0.018
   8   5  10   imag     -0.058  -0.190   0.152  -0.096   0.010
   8   6  10   real      0.137  -0.068   0.072   0.141   0.314
   8   6  10   imag      0.080  -0.040   0.042   0.083   0.183
   8   7  10   real      0.020   0.057  -0.037   0.040  -0.058
   8   7  10   imag     -0.059  -0.171   0.112  -0.118   0.172
   8   8  10   real    -20.294  11.794  -9.375 -17.875 -15.447
   8   8  10   imag      0.000   0.000   0.000   0.000   0.000
   8   9  10   real     -0.204   0.175  -0.074  -0.102  -0.129
   8   9  10   imag     -0.068   0.059  -0.025  -0.034  -0.043
   8  10  10   real     -0.007   0.000   0.004  -0.003   0.004
   8  10  10   imag      0.018   0.000  -0.011   0.007  -0.011
   8  11  10   real     -0.069  -0.032   0.060  -0.041  -0.020
   8  11  10   imag     -0.162  -0.074   0.140  -0.096  -0.046
   8  12  10   real      0.030  -0.007   0.012   0.035   0.044
   8  12  10   imag     -0.036   0.009  -0.014  -0.042  -0.053
   8  13  10   real     -0.015   0.032  -0.026  -0.009   0.021
   8  13  10   imag     -0.003   0.005  -0.004  -0.002   0.004
   8  14  10   real      0.163  -0.120   0.106   0.149   0.123
   8  14  10   imag      0.012  -0.009   0.008   0.011   0.009
   8  15  10   real     -0.170   0.058  -0.032  -0.144  -0.180
   8  15  10   imag      0.158  -0.054   0.030   0.134   0.167
   8  16  10   real      0.452  -0.200   0.140   0.391   0.344
   8  16  10   imag     -0.083   0.037  -0.026  -0.072  -0.063
   8  17  10   real      0.019  -0.007   0.012   0.024   0.045
   8  17  10   imag      0.030  -0.011   0.019   0.038   0.071
   8  18  10   real      0.051   0.023  -0.054   0.020   0.007
   8  18  10   imag      0.009   0.004  -0.009   0.003   0.001
   8  19  10   real     -0.017   0.011  -0.018  -0.024  -0.038
   8  19  10   imag      0.205  -0.135   0.209   0.279   0.448
   9   1  10   real      0.034  -0.068   0.047   0.013  -0.026
   9   1  10   imag     -0.003   0.006  -0.004  -0.001   0.002
   9   2  10   real      0.051   0.001   0.000   0.053   0.062
   9   2  10   imag      0.087   0.002   0.001   0.090   0.106
   9   3  10   real      0.708  -0.464   0.292   0.536   0.623
   9   3  10   imag     -0.309   0.202  -0.127  -0.234  -0.272
   9   4  10   real     -0.081  -0.145   0.115  -0.111  -0.063
   9   4  10   imag      0.106   0.191  -0.150   0.146   0.083
   9   5  10   real      0.065   0.370  -0.521  -0.086  -0.324
   9   5  10   imag      0.012   0.068  -0.095  -0.016  -0.059
   9   6  10   real     -0.080   0.325  -0.215   0.030   0.095
   9   6  10   imag     -0.017   0.068  -0.045   0.006   0.020
   9   7  10   real      0.000   0.000   0.000   0.000   0.000
   9   7  10   imag     -0.718   0.166   0.096  -0.455  -0.287
   9   8  10   real     -0.204   0.175  -0.074  -0.102  -0.129
   9   8  10   imag      0.068  -0.059   0.025   0.034   0.043
   9   9  10   real    -19.476  11.356  -9.222 -17.342 -14.733
   9   9  10   imag      0.000   0.000   0.000   0.000   0.000
   9  10  10   real     -0.001   0.001  -0.001  -0.001  -0.001
   9  10  10   imag      0.044  -0.049   0.038   0.034   0.048
   9  11  10   real      0.005   0.085  -0.052   0.038  -0.017
   9  11  10   imag      0.005   0.096  -0.058   0.043  -0.019
   9  12  10   real     -0.002   0.006  -0.008  -0.003   0.012
   9  12  10   imag      0.005  -0.017   0.020   0.009  -0.031
   9  13  10   real     -0.032   0.028  -0.032  -0.036  -0.015
   9  13  10   imag      0.005  -0.004   0.005   0.006   0.002
   9  14  10   real      0.162  -0.207   0.189   0.144  -0.048
   9  14  10   imag     -0.042   0.053  -0.049  -0.037   0.012
   9  15  10   real     -0.156   0.052  -0.024  -0.128  -0.189
   9  15  10   imag      0.286  -0.095   0.043   0.235   0.346
   9  16  10   real      0.911  -0.399   0.220   0.732   0.883
   9  16  10   imag     -0.502   0.220  -0.121  -0.404  -0.487
   9  17  10   real     -0.063   0.079  -0.070  -0.055   0.034
   9  17  10   imag     -0.052   0.065  -0.058  -0.045   0.028
   9  18  10   real      0.932  -0.421   0.228   0.740   0.907
   9  18  10   imag     -0.146   0.066  -0.036  -0.116  -0.142
   9  19  10   real     -0.086   0.093  -0.077  -0.070   0.028
   9  19  10   imag     -0.355   0.381  -0.315  -0.289   0.116
  10   1  10   real     -0.007   0.007  -0.002  -0.002   0.000
  10   1  10   imag     -0.055   0.056  -0.018  -0.016   0.002
  10   2  10   real      0.245  -0.170   0.158   0.233   0.271
  10   2  10   imag     -0.154   0.107  -0.099  -0.146  -0.170
  10   3  10   real     -0.010  -0.003   0.003  -0.010  -0.020
  10   3  10   imag     -0.021  -0.006   0.006  -0.021  -0.042
  10   4  10   real      0.031  -0.005   0.015   0.041   0.027
  10   4  10   imag      0.023  -0.004   0.011   0.030   0.019
  10   5  10   real     -0.005   0.005  -0.004  -0.004   0.002
  10   5  10   imag      0.034  -0.035   0.024   0.023  -0.015
  10   6  10   real      0.020  -0.002  -0.001   0.016   0.021
  10   6  10   imag     -0.112   0.014   0.006  -0.092  -0.117
  10   7  10   real      0.015   0.005  -0.015   0.005   0.034
  10   7  10   imag      0.000   0.000   0.000   0.000  -0.001
  10   8  10   real     -0.007   0.000   0.004  -0.003   0.004
  10   8  10   imag     -0.018   0.000   0.011  -0.007   0.011
  10   9  10   real     -0.001   0.001  -0.001  -0.001  -0.001
  10   9  10   imag     -0.044   0.049  -0.038  -0.034  -0.048
  10  10  10   real    -17.795  11.068  -8.710 -15.437 -13.425
  10  10  10   imag      0.000   0.000   0.000   0.000   0.000
  10  11  10   real      0.047   0.000   0.026   0.073   0.010
  10  11  10   imag     -0.044   0.000  -0.025  -0.069  -0.010
  10  12  10   real     -0.123  -0.111   0.057  -0.178  -0.295
  10  12  10   imag     -0.044  -0.040   0.020  -0.063  -0.105
  10  13  10   real     -0.007   0.045  -0.028   0.010  -0.001
  10  13  10   imag     -0.038   0.239  -0.149   0.052  -0.008
  10  14  10   real      0.030  -0.016   0.006   0.019   0.025
  10  14  10   imag      0.102  -0.055   0.021   0.067   0.086
  10  15  10   real     -0.232   0.155  -0.028  -0.105  -0.029
  10  15  10   imag     -0.118   0.078  -0.014  -0.053  -0.015
  10  16  10   real     -0.026   0.010   0.004  -0.012  -0.032
  10  16  10   imag     -0.043   0.017   0.006  -0.020  -0.053
  10  17  10   real      0.009  -0.005   0.008   0.012   0.018
  10  17  10   imag     -0.012   0.007  -0.010  -0.015  -0.023
  10  18  10   real      0.009  -0.006   0.005   0.007   0.001
  10  18  10   imag      0.048  -0.034   0.026   0.039   0.006
  10  19  10   real      0.075  -0.054   0.059   0.080   0.098
  10  19  10   imag     -0.021   0.015  -0.016  -0.022  -0.027
  11   1  10   real     -0.101   0.066   0.034  -0.001   0.031
  11   1  10   imag      0.136  -0.090  -0.046   0.001  -0.043
  11   2  10   real     -0.909   0.657  -0.626  -0.877  -1.036
  11   2  10   imag     -0.181   0.131  -0.125  -0.175  -0.206
  11   3  10   real      0.034  -0.040   0.027   0.021   0.019
  11   3  10   imag     -0.103   0.122  -0.083  -0.064  -0.058
  11   4  10   real     -0.016  -0.017   0.009  -0.024  -0.043
  11   4  10   imag     -0.083  -0.086   0.046  -0.123  -0.220
  11   5  10   real      0.083  -0.054   0.002   0.031  -0.009
  11   5  10   imag     -0.065   0.042  -0.002  -0.024   0.007
  11   6  10   real     -0.686   0.127  -0.008  -0.566  -0.591
  11   6  10   imag      0.509  -0.094   0.006   0.420   0.438
  11   7  10   real     -0.091   0.048  -0.001  -0.045  -0.027
  11   7  10   imag     -0.081   0.042  -0.001  -0.040  -0.024
  11   8  10   real     -0.069  -0.032   0.060  -0.041  -0.020
  11   8  10   imag      0.162   0.074  -0.140   0.096   0.046
  11   9  10   real      0.005   0.085  -0.052   0.038  -0.017
  11   9  10   imag     -0.005  -0.096   0.058  -0.043   0.019
  11  10  10   real      0.047   0.000   0.026   0.073   0.010
  11  10  10   imag      0.044   0.000   0.025   0.069   0.010
  11  11  10   real    -18.446  11.110  -8.986 -16.322 -14.111
  11  11  10   imag      0.000   0.000   0.000   0.000   0.000
  11  12  10   real      0.033  -0.037   0.032   0.028   0.030
  11  12  10   imag      0.064  -0.072   0.064   0.056   0.058
  11  13  10   real     -0.025   0.003  -0.007  -0.029  -0.015
  11  13  10   imag      0.038  -0.005   0.012   0.045   0.024
  11  14  10   real      0.134  -0.065   0.068   0.137   0.178
  11  14  10   imag     -0.261   0.126  -0.131  -0.266  -0.346
  11  15  10   real      0.071  -0.047   0.035   0.058   0.047
  11  15  10   imag      0.196  -0.131   0.096   0.162   0.130
  11  16  10   real      0.087  -0.063   0.053   0.076   0.052
  11  16  10   imag     -0.381   0.278  -0.233  -0.337  -0.227
  11  17  10   real     -0.113   0.062  -0.065  -0.117  -0.147
  11  17  10   imag      0.018  -0.010   0.010   0.018   0.023
  11  18  10   real      0.138  -0.111   0.097   0.123   0.083
  11  18  10   imag     -0.214   0.172  -0.150  -0.192  -0.128
  11  19  10   real     -0.410   0.251  -0.244  -0.402  -0.485
  11  19  10   imag     -0.218   0.134  -0.130  -0.214  -0.258
  12   1  10   real      0.094  -0.064   0.065   0.096   0.095
  12   1  10   imag      0.189  -0.128   0.131   0.193   0.191
  12   2  10   real      0.020  -0.027   0.025   0.018   0.021
  12   2  10   imag     -0.025   0.035  -0.032  -0.023  -0.026
  12   3  10   real     -0.001   0.018  -0.020  -0.003   0.003
  12   3  10   imag     -0.001   0.018  -0.020  -0.003   0.003
  12   4  10   real     -0.137   0.089  -0.078  -0.125  -0.142
  12   4  10   imag     -0.039   0.026  -0.022  -0.036  -0.041
  12   5  10   real      0.014  -0.010   0.008   0.012   0.013
  12   5  10   imag      0.074  -0.053   0.042   0.064   0.068
  12   6  10   real      0.030  -0.018   0.016   0.029   0.037
  12   6  10   imag      0.181  -0.106   0.096   0.171   0.222
  12   7  10   real      0.021  -0.022   0.021   0.020   0.028
  12   7  10   imag     -0.008   0.009  -0.008  -0.008  -0.011
  12   8  10   real      0.030  -0.007   0.012   0.035   0.044
  12   8  10   imag      0.036  -0.009   0.014   0.042   0.053
  12   9  10   real     -0.002   0.006  -0.008  -0.003   0.012
  12   9  10   imag     -0.005   0.017  -0.020  -0.009   0.031
  12  10  10   real     -0.123  -0.111   0.057  -0.178  -0.295
  12  10  10   imag      0.044   0.040  -0.020   0.063   0.105
  12  11  10   real      0.033  -0.037   0.032   0.028   0.030
  12  11  10   imag     -0.064   0.072  -0.064  -0.056  -0.058
  12  12  10   real    -15.889   9.749  -8.009 -14.149 -12.959
  12  12  10   imag      0.000   0.000   0.000   0.000   0.000
  12  13  10   real     -0.007   0.035  -0.019   0.009   0.005
  12  13  10   imag     -0.012   0.060  -0.032   0.016   0.008
  12  14  10   real     -0.125   0.063  -0.032  -0.094  -0.133
  12  14  10   imag     -0.174   0.088  -0.045  -0.131  -0.185
  12  15  10   real      0.303  -0.260   0.042   0.084  -0.178
  12  15  10   imag      0.039  -0.033   0.005   0.011  -0.023
  12  16  10   real     -0.016   0.021  -0.052  -0.047  -0.015
  12  16  10   imag     -0.013   0.018  -0.044  -0.039  -0.012
  12  17  10   real     -0.021   0.007  -0.009  -0.023  -0.042
  12  17  10   imag      0.064  -0.022   0.028   0.070   0.129
  12  18  10   real     -0.029   0.033  -0.026  -0.021   0.017
  12  18  10   imag     -0.049   0.057  -0.044  -0.036   0.030
  12  19  10   real     -0.257   0.110  -0.112  -0.260  -0.429
  12  19  10   imag      0.180  -0.077   0.079   0.182   0.300
  13   1  10   real     -0.025   0.031  -0.032  -0.026  -0.011
  13   1  10   imag     -0.002   0.002  -0.002  -0.002  -0.001
  13   2  10   real      0.002  -0.004   0.005   0.003  -0.003
  13   2  10   imag      0.006  -0.011   0.013   0.008  -0.008
  13   3  10   real      0.034  -0.043   0.030   0.021  -0.016
  13   3  10   imag     -0.009   0.011  -0.008  -0.005   0.004
  13   4  10   real     -0.020  -0.010   0.008  -0.022  -0.071
  13   4  10   imag      0.020   0.009  -0.008   0.021   0.068
  13   5  10   real     -0.134   0.061  -0.057  -0.130  -0.180
  13   5  10   imag     -0.047   0.021  -0.020  -0.045  -0.063
  13   6  10   real      0.033  -0.021   0.022   0.034   0.007
  13   6  10   imag      0.012  -0.008   0.008   0.013   0.003
  13   7  10   real     -0.014   0.009  -0.008  -0.013  -0.003
  13   7  10   imag      0.089  -0.057   0.053   0.086   0.017
  13   8  10   real     -0.015   0.032  -0.026  -0.009   0.021
  13   8  10   imag      0.003  -0.005   0.004   0.002  -0.004
  13   9  10   real     -0.032   0.028  -0.032  -0.036  -0.015
  13   9  10   imag     -0.005   0.004  -0.005  -0.006  -0.002
  13  10  10   real     -0.007   0.045  -0.028   0.010  -0.001
  13  10  10   imag      0.038  -0.239   0.149  -0.052   0.008
  13  11  10   real     -0.025   0.003  -0.007  -0.029  -0.015
  13  11  10   imag     -0.038   0.005  -0.012  -0.045  -0.024
  13  12  10   real     -0.007   0.035  -0.019   0.009   0.005
  13  12  10   imag      0.012  -0.060   0.032  -0.016  -0.008
  13  13  10   real    -16.201   9.865  -8.217 -14.553 -13.774
  13  13  10   imag      0.000   0.000   0.000   0.000   0.000
  13  14  10   real     -0.063   0.086  -0.035  -0.012   0.084
  13  14  10   imag      0.006  -0.008   0.003   0.001  -0.008
  13  15  10   real      0.176  -0.158   0.089   0.107   0.037
  13  15  10   imag     -0.229   0.205  -0.116  -0.140  -0.048
  13  16  10   real     -0.004  -0.049   0.027  -0.026  -0.122
  13  16  10   imag      0.001   0.018  -0.010   0.009   0.044
  13  17  10   real      0.003  -0.002   0.002   0.003   0.004
  13  17  10   imag      0.004  -0.003   0.002   0.003   0.005
  13  18  10   real     -0.129   0.056  -0.038  -0.111  -0.132
  13  18  10   imag      0.000   0.000   0.000   0.000   0.000
  13  19  10   real      0.005  -0.003   0.003   0.005   0.009
  13  19  10   imag      0.062  -0.035   0.038   0.065   0.112
  14   1  10   real      0.692  -0.296   0.239   0.635   0.696
  14   1  10   imag      0.112  -0.048   0.039   0.103   0.113
  14   2  10   real      0.027  -0.010  -0.001   0.017   0.019
  14   2  10   imag      0.093  -0.033  -0.002   0.058   0.066
  14   3  10   real      0.285  -0.304   0.279   0.259   0.008
  14   3  10   imag     -0.046   0.049  -0.045  -0.042  -0.001
  14   4  10   real     -0.314   0.118  -0.148  -0.344  -0.611
  14   4  10   imag      0.248  -0.093   0.116   0.271   0.481
  14   5  10   real      0.172  -0.108   0.085   0.150   0.071
  14   5  10   imag      0.079  -0.050   0.039   0.069   0.033
  14   6  10   real     -1.092   0.480  -0.505  -1.117  -1.665
  14   6  10   imag     -0.537   0.236  -0.248  -0.549  -0.819
  14   7  10   real     -0.186   0.164  -0.132  -0.154   0.007
  14   7  10   imag      0.723  -0.637   0.514   0.600  -0.026
  14   8  10   real      0.163  -0.120   0.106   0.149   0.123
  14   8  10   imag     -0.012   0.009  -0.008  -0.011  -0.009
  14   9  10   real      0.162  -0.207   0.189   0.144  -0.048
  14   9  10   imag      0.042  -0.053   0.049   0.037  -0.012
  14  10  10   real      0.030  -0.016   0.006   0.019   0.025
  14  10  10   imag     -0.102   0.055  -0.021  -0.067  -0.086
  14  11  10   real      0.134  -0.065   0.068   0.137   0.178
  14  11  10   imag      0.261  -0.126   0.131   0.266   0.346
  14  12  10   real     -0.125   0.063  -0.032  -0.094  -0.133
  14  12  10   imag      0.174  -0.088   0.045   0.131   0.185
  14  13  10   real     -0.063   0.086  -0.035  -0.012   0.084
  14  13  10   imag     -0.006   0.008  -0.003  -0.001   0.008
  14  14  10   real     -7.625   5.544  -5.708  -7.789  -3.904
  14  14  10   imag      0.000   0.000   0.000   0.000   0.000
  14  15  10   real     -0.955   1.006  -0.283  -0.233   1.715
  14  15  10   imag      1.024  -1.079   0.304   0.250  -1.839
  14  16  10   real      5.722  -4.403   3.169   4.488   0.700
  14  16  10   imag     -1.474   1.134  -0.816  -1.156  -0.180
  14  17  10   real     -0.108   0.168  -0.024   0.036   0.414
  14  17  10   imag     -0.147   0.230  -0.033   0.049   0.566
  14  18  10   real     -0.710   0.661  -0.519  -0.568   0.087
  14  18  10   imag     -0.069   0.064  -0.050  -0.055   0.008
  14  19  10   real      0.000  -0.003  -0.003  -0.005  -0.014
  14  19  10   imag     -0.023   0.214   0.210   0.401   1.009
  15   1  10   real      0.088  -0.007  -0.008   0.072   0.088
  15   1  10   imag      0.131  -0.010  -0.013   0.108   0.132
  15   2  10   real     -0.172   0.076  -0.077  -0.172  -0.173
  15   2  10   imag      0.286  -0.127   0.128   0.287   0.288
  15   3  10   real     -0.187   0.077  -0.076  -0.187  -0.276
  15   3  10   imag     -0.146   0.060  -0.059  -0.145  -0.215
  15   4  10   real     -0.139   0.073  -0.087  -0.153  -0.293
  15   4  10   imag     -0.021   0.011  -0.013  -0.024  -0.045
  15   5  10   real     -0.041   0.033  -0.029  -0.036  -0.044
  15   5  10   imag     -0.123   0.100  -0.087  -0.110  -0.134
  15   6  10   real     -0.053  -0.001  -0.002  -0.056  -0.138
  15   6  10   imag     -0.177  -0.004  -0.006  -0.187  -0.458
  15   7  10   real      0.100   0.065  -0.070   0.095   0.364
  15   7  10   imag     -0.054  -0.036   0.038  -0.052  -0.198
  15   8  10   real     -0.170   0.058  -0.032  -0.144  -0.180
  15   8  10   imag     -0.158   0.054  -0.030  -0.134  -0.167
  15   9  10   real     -0.156   0.052  -0.024  -0.128  -0.189
  15   9  10   imag     -0.286   0.095  -0.043  -0.235  -0.346
  15  10  10   real     -0.232   0.155  -0.028  -0.105  -0.029
  15  10  10   imag      0.118  -0.078   0.014   0.053   0.015
  15  11  10   real      0.071  -0.047   0.035   0.058   0.047
  15  11  10   imag     -0.196   0.131  -0.096  -0.162  -0.130
  15  12  10   real      0.303  -0.260   0.042   0.084  -0.178
  15  12  10   imag     -0.039   0.033  -0.005  -0.011   0.023
  15  13  10   real      0.176  -0.158   0.089   0.107   0.037
  15  13  10   imag      0.229  -0.205   0.116   0.140   0.048
  15  14  10   real     -0.955   1.006  -0.283  -0.233   1.715
  15  14  10   imag     -1.024   1.079  -0.304  -0.250   1.839
  15  15  10   real     -9.263   5.668  -7.572 -11.167 -11.606
  15  15  10   imag      0.000   0.000   0.000   0.000   0.000
  15  16  10   real      1.062  -1.122   0.331   0.270  -1.923
  15  16  10   imag      0.678  -0.717   0.211   0.173  -1.228
  15  17  10   real      0.014  -0.029   0.005  -0.010  -0.081
  15  17  10   imag     -0.074   0.154  -0.028   0.051   0.424
  15  18  10   real     -0.286   0.288  -0.143  -0.141   0.250
  15  18  10   imag     -0.373   0.376  -0.187  -0.184   0.326
  15  19  10   real      0.037  -0.136  -0.043  -0.143  -0.568
  15  19  10   imag     -0.033   0.124   0.039   0.130   0.516
  16   1  10   real      0.157  -0.238   0.219   0.138   0.033
  16   1  10   imag      0.069  -0.104   0.096   0.060   0.015
  16   2  10   real     -0.001   0.000   0.000  -0.001   0.000
  16   2  10   imag     -0.028   0.014  -0.012  -0.026  -0.015
  16   3  10   real      0.654  -0.275   0.302   0.681   0.938
  16   3  10   imag      0.061  -0.025   0.028   0.063   0.087
  16   4  10   real     -0.468   0.349  -0.259  -0.377  -0.049
  16   4  10   imag      0.206  -0.154   0.114   0.166   0.022
  16   5  10   real      0.291  -0.183   0.173   0.281   0.426
  16   5  10   imag      0.238  -0.150   0.142   0.230   0.348
  16   6  10   real     -0.481   0.405  -0.352  -0.427  -0.101
  16   6  10   imag     -0.413   0.348  -0.302  -0.367  -0.087
  16   7  10   real     -0.500   0.174  -0.172  -0.498  -0.824
  16   7  10   imag      0.908  -0.316   0.312   0.904   1.495
  16   8  10   real      0.452  -0.200   0.140   0.391   0.344
  16   8  10   imag      0.083  -0.037   0.026   0.072   0.063
  16   9  10   real      0.911  -0.399   0.220   0.732   0.883
  16   9  10   imag      0.502  -0.220   0.121   0.404   0.487
  16  10  10   real     -0.026   0.010   0.004  -0.012  -0.032
  16  10  10   imag      0.043  -0.017  -0.006   0.020   0.053
  16  11  10   real      0.087  -0.063   0.053   0.076   0.052
  16  11  10   imag      0.381  -0.278   0.233   0.337   0.227
  16  12  10   real     -0.016   0.021  -0.052  -0.047  -0.015
  16  12  10   imag      0.013  -0.018   0.044   0.039   0.012
  16  13  10   real     -0.004  -0.049   0.027  -0.026  -0.122
  16  13  10   imag     -0.001  -0.018   0.010  -0.009  -0.044
  16  14  10   real      5.722  -4.403   3.169   4.488   0.700
  16  14  10   imag      1.474  -1.134   0.816   1.156   0.180
  16  15  10   real      1.062  -1.122   0.331   0.270  -1.923
  16  15  10   imag     -0.678   0.717  -0.211  -0.173   1.228
  16  16  10   real     -6.893   4.917  -5.318  -7.293  -4.144
  16  16  10   imag      0.000   0.000   0.000   0.000   0.000
  16  17  10   real      0.133  -0.126   0.114   0.120   0.040
  16  17  10   imag      0.335  -0.317   0.285   0.302   0.099
  16  18  10   real     -0.103  -0.273  -0.316  -0.693  -2.013
  16  18  10   imag     -0.038  -0.099  -0.115  -0.252  -0.733
  16  19  10   real     -0.283   0.221  -0.193  -0.254  -0.080
  16  19  10   imag      1.040  -0.813   0.708   0.934   0.295
  17   1  10   real     -0.170   0.078  -0.070  -0.162  -0.174
  17   1  10   imag      0.168  -0.077   0.069   0.160   0.171
  17   2  10   real     -0.068   0.027  -0.006  -0.047  -0.046
  17   2  10   imag     -0.025   0.010  -0.002  -0.017  -0.017
  17   3  10   real     -0.019   0.022  -0.020  -0.017   0.005
  17   3  10   imag      0.038  -0.044   0.040   0.034  -0.010
  17   4  10   real      0.001   0.000   0.000   0.001   0.000
  17   4  10   imag      0.016  -0.013   0.014   0.016  -0.007
  17   5  10   real      0.002  -0.005   0.011   0.008   0.012
  17   5  10   imag     -0.001   0.003  -0.006  -0.004  -0.006
  17   6  10   real      0.393  -0.186   0.188   0.396   0.552
  17   6  10   imag     -0.206   0.097  -0.099  -0.207  -0.289
  17   7  10   real     -0.084   0.071  -0.059  -0.072  -0.016
  17   7  10   imag     -0.102   0.087  -0.072  -0.087  -0.019
  17   8  10   real      0.019  -0.007   0.012   0.024   0.045
  17   8  10   imag     -0.030   0.011  -0.019  -0.038  -0.071
  17   9  10   real     -0.063   0.079  -0.070  -0.055   0.034
  17   9  10   imag      0.052  -0.065   0.058   0.045  -0.028
  17  10  10   real      0.009  -0.005   0.008   0.012   0.018
  17  10  10   imag      0.012  -0.007   0.010   0.015   0.023
  17  11  10   real     -0.113   0.062  -0.065  -0.117  -0.147
  17  11  10   imag     -0.018   0.010  -0.010  -0.018  -0.023
  17  12  10   real     -0.021   0.007  -0.009  -0.023  -0.042
  17  12  10   imag     -0.064   0.022  -0.028  -0.070  -0.129
  17  13  10   real      0.003  -0.002   0.002   0.003   0.004
  17  13  10   imag     -0.004   0.003  -0.002  -0.003  -0.005
  17  14  10   real     -0.108   0.168  -0.024   0.036   0.414
  17  14  10   imag      0.147  -0.230   0.033  -0.049  -0.566
  17  15  10   real      0.014  -0.029   0.005  -0.010  -0.081
  17  15  10   imag      0.074  -0.154   0.028  -0.051  -0.424
  17  16  10   real      0.133  -0.126   0.114   0.120   0.040
  17  16  10   imag     -0.335   0.317  -0.285  -0.302  -0.099
  17  17  10   real    -10.590   8.289  -7.187  -9.487  -0.404
  17  17  10   imag      0.000   0.000   0.000   0.000   0.000
  17  18  10   real     -2.924   2.463  -1.715  -2.177  -0.011
  17  18  10   imag      3.281  -2.763   1.924   2.442   0.012
  17  19  10   real      1.458  -1.167   0.744   1.035  -0.656
  17  19  10   imag      1.096  -0.877   0.559   0.778  -0.493
  18   1  10   real      0.032  -0.095   0.088   0.025  -0.030
  18   1  10   imag      0.002  -0.006   0.006   0.002  -0.002
  18   2  10   real     -0.035   0.022  -0.020  -0.033  -0.023
  18   2  10   imag     -0.088   0.055  -0.051  -0.084  -0.057
  18   3  10   real      0.312  -0.171   0.192   0.333   0.416
  18   3  10   imag     -0.082   0.045  -0.050  -0.087  -0.109
  18   4  10   real     -0.076   0.041  -0.003  -0.038   0.011
  18   4  10   imag      0.073  -0.039   0.002   0.036  -0.010
  18   5  10   real      0.397  -0.260   0.231   0.368   0.466
  18   5  10   imag      0.139  -0.091   0.081   0.128   0.163
  18   6  10   real     -0.208   0.189  -0.157  -0.177  -0.003
  18   6  10   imag     -0.078   0.071  -0.059  -0.067  -0.001
  18   7  10   real     -0.026   0.004  -0.002  -0.024  -0.043
  18   7  10   imag      0.164  -0.026   0.016   0.153   0.274
  18   8  10   real      0.051   0.023  -0.054   0.020   0.007
  18   8  10   imag     -0.009  -0.004   0.009  -0.003  -0.001
  18   9  10   real      0.932  -0.421   0.228   0.740   0.907
  18   9  10   imag      0.146  -0.066   0.036   0.116   0.142
  18  10  10   real      0.009  -0.006   0.005   0.007   0.001
  18  10  10   imag     -0.048   0.034  -0.026  -0.039  -0.006
  18  11  10   real      0.138  -0.111   0.097   0.123   0.083
  18  11  10   imag      0.214  -0.172   0.150   0.192   0.128
  18  12  10   real     -0.029   0.033  -0.026  -0.021   0.017
  18  12  10   imag      0.049  -0.057   0.044   0.036  -0.030
  18  13  10   real     -0.129   0.056  -0.038  -0.111  -0.132
  18  13  10   imag      0.000   0.000   0.000   0.000   0.000
  18  14  10   real     -0.710   0.661  -0.519  -0.568   0.087
  18  14  10   imag      0.069  -0.064   0.050   0.055  -0.008
  18  15  10   real     -0.286   0.288  -0.143  -0.141   0.250
  18  15  10   imag      0.373  -0.376   0.187   0.184  -0.326
  18  16  10   real     -0.103  -0.273  -0.316  -0.693  -2.013
  18  16  10   imag      0.038   0.099   0.115   0.252   0.733
  18  17  10   real     -2.924   2.463  -1.715  -2.177  -0.011
  18  17  10   imag     -3.281   2.763  -1.924  -2.442  -0.012
  18  18  10   real     -7.744   5.849  -5.799  -7.695  -2.489
  18  18  10   imag      0.000   0.000   0.000   0.000   0.000
  18  19  10   real     -0.231   0.180  -0.129  -0.180   0.008
  18  19  10   imag     -2.768   2.151  -1.543  -2.160   0.098
  19   1  10   real     -0.070   0.033  -0.035  -0.072  -0.077
  19   1  10   imag      0.471  -0.223   0.236   0.484   0.519
  19   2  10   real     -0.156   0.050   0.035  -0.071  -0.057
  19   2  10   imag      0.047  -0.015  -0.011   0.021   0.017
  19   3  10   real     -0.003   0.002  -0.001  -0.002  -0.003
  19   3  10   imag     -0.015   0.011  -0.006  -0.011  -0.018
  19   4  10   real      0.390  -0.208   0.250   0.432   0.576
  19   4  10   imag      0.482  -0.257   0.309   0.534   0.711
  19   5  10   real      0.066  -0.047   0.052   0.071   0.052
  19   5  10   imag     -0.148   0.105  -0.117  -0.159  -0.116
  19   6  10   real      0.511  -0.257   0.246   0.500   0.637
  19   6  10   imag     -1.076   0.541  -0.517  -1.052  -1.342
  19   7  10   real      0.052  -0.075   0.036   0.012  -0.130
  19   7  10   imag      0.013  -0.018   0.009   0.003  -0.032
  19   8  10   real     -0.017   0.011  -0.018  -0.024  -0.038
  19   8  10   imag     -0.205   0.135  -0.209  -0.279  -0.448
  19   9  10   real     -0.086   0.093  -0.077  -0.070   0.028
  19   9  10   imag      0.355  -0.381   0.315   0.289  -0.116
  19  10  10   real      0.075  -0.054   0.059   0.080   0.098
  19  10  10   imag      0.021  -0.015   0.016   0.022   0.027
  19  11  10   real     -0.410   0.251  -0.244  -0.402  -0.485
  19  11  10   imag      0.218  -0.134   0.130   0.214   0.258
  19  12  10   real     -0.257   0.110  -0.112  -0.260  -0.429
  19  12  10   imag     -0.180   0.077  -0.079  -0.182  -0.300
  19  13  10   real      0.005  -0.003   0.003   0.005   0.009
  19  13  10   imag     -0.062   0.035  -0.038  -0.065  -0.112
  19  14  10   real      0.000  -0.003  -0.003  -0.005  -0.014
  19  14  10   imag      0.023  -0.214  -0.210  -0.401  -1.009
  19  15  10   real      0.037  -0.136  -0.043  -0.143  -0.568
  19  15  10   imag      0.033  -0.124  -0.039  -0.130  -0.516
  19  16  10   real     -0.283   0.221  -0.193  -0.254  -0.080
  19  16  10   imag     -1.040   0.813  -0.708  -0.934  -0.295
  19  17  10   real      1.458  -1.167   0.744   1.035  -0.656
  19  17  10   imag     -1.096   0.877  -0.559  -0.778   0.493
  19  18  10   real     -0.231   0.180  -0.129  -0.180   0.008
  19  18  10   imag      2.768  -2.151   1.543   2.160  -0.098
  19  19  10   real     -8.284   5.932  -6.126  -8.478  -3.569
  19  19  10   imag      0.000   0.000   0.000   0.000   0.000
