   1   1   1   real    -24.715  15.996  -8.885 -17.605 -15.080
   1   1   1   imag      0.000   0.000   0.000   0.000   0.000
   1   2   1   real     -0.358   0.053  -0.035  -0.339  -0.184
   1   2   1   imag     -0.761   0.113  -0.073  -0.721  -0.391
   1   3   1   real     -0.115  -0.388   0.056  -0.447  -0.060
   1   3   1   imag      0.038   0.129  -0.019   0.148   0.020
   1   4   1   real      0.151  -0.048  -0.004   0.099   0.040
   1   4   1   imag     -0.164   0.052   0.005  -0.108  -0.044
   1   5   1   real     -0.110  -0.046  -0.014  -0.170  -0.026
   1   5   1   imag     -0.031  -0.013  -0.004  -0.047  -0.007
   1   6   1   real     -0.506   0.259  -0.353  -0.599  -0.701
   1   6   1   imag     -0.154   0.079  -0.108  -0.183  -0.214
   1   7   1   real      0.004   0.005  -0.006   0.003  -0.004
   1   7   1   imag     -0.041  -0.058   0.063  -0.037   0.048
   1   8   1   real      0.123   0.012   0.038   0.173   0.041
   1   8   1   imag     -0.029  -0.003  -0.009  -0.041  -0.010
   1   9   1   real      0.034  -0.026  -0.011  -0.003  -0.026
   1   9   1   imag      0.003  -0.002  -0.001   0.000  -0.002
   1  10   1   real     -0.007   0.009   0.000   0.002   0.000
   1  10   1   imag      0.055  -0.068   0.000  -0.014  -0.002
   1  11   1   real     -0.101   0.098   0.031   0.028   0.031
   1  11   1   imag     -0.136   0.132   0.041   0.037   0.043
   1  12   1   real      0.094  -0.041   0.043   0.097   0.095
   1  12   1   imag     -0.189   0.081  -0.086  -0.194  -0.191
   1  13   1   real     -0.025   0.006  -0.018  -0.038  -0.011
   1  13   1   imag      0.002   0.000   0.001   0.002   0.001
   1  14   1   real      0.692  -0.429   0.282   0.545   0.696
   1  14   1   imag     -0.112   0.070  -0.046  -0.088  -0.113
   1  15   1   real      0.088  -0.045   0.030   0.072   0.088
   1  15   1   imag     -0.131   0.068  -0.045  -0.108  -0.132
   1  16   1   real      0.157  -0.080   0.064   0.141   0.033
   1  16   1   imag     -0.069   0.035  -0.028  -0.062  -0.015
   1  17   1   real     -0.170   0.100  -0.072  -0.142  -0.174
   1  17   1   imag     -0.168   0.099  -0.071  -0.140  -0.171
   1  18   1   real      0.032  -0.020   0.018   0.030  -0.030
   1  18   1   imag     -0.002   0.001  -0.001  -0.002   0.002
   1  19   1   real     -0.070   0.037  -0.033  -0.066  -0.077
   1  19   1   imag     -0.471   0.250  -0.221  -0.442  -0.519
   2   1   1   real     -0.358   0.053  -0.035  -0.339  -0.184
   2   1   1   imag      0.761  -0.113   0.073   0.721   0.391
   2   2   1   real    -23.430  15.374  -8.024 -16.081 -14.994
   2   2   1   imag      0.000   0.000   0.000   0.000   0.000
   2   3   1   real      0.007  -0.011   0.004   0.000   0.000
   2   3   1   imag     -0.058   0.092  -0.034   0.000   0.001
   2   4   1   real      0.102   0.015  -0.018   0.099   0.057
   2   4   1   imag      0.250   0.035  -0.044   0.242   0.139
   2   5   1   real      0.002   0.295  -0.044   0.252   0.023
   2   5   1   imag     -0.002  -0.342   0.052  -0.292  -0.026
   2   6   1   real     -0.055   0.284  -0.145   0.085  -0.139
   2   6   1   imag      0.060  -0.314   0.160  -0.093   0.153
   2   7   1   real      0.060  -0.071   0.032   0.021   0.014
   2   7   1   imag      0.035  -0.042   0.019   0.012   0.008
   2   8   1   real     -0.061   0.082  -0.044  -0.024  -0.058
   2   8   1   imag      0.290  -0.389   0.211   0.112   0.277
   2   9   1   real      0.051   0.012   0.027   0.090   0.062
   2   9   1   imag     -0.087  -0.021  -0.046  -0.154  -0.106
   2  10   1   real      0.245  -0.155   0.123   0.213   0.271
   2  10   1   imag      0.154  -0.097   0.077   0.134   0.170
   2  11   1   real     -0.909   0.539  -0.519  -0.889  -1.036
   2  11   1   imag      0.181  -0.107   0.103   0.177   0.206
   2  12   1   real      0.020  -0.036   0.008  -0.008   0.021
   2  12   1   imag      0.025  -0.045   0.010  -0.010   0.026
   2  13   1   real      0.002   0.002   0.003   0.007  -0.003
   2  13   1   imag     -0.006  -0.005  -0.006  -0.017   0.008
   2  14   1   real      0.027  -0.017   0.004   0.014   0.019
   2  14   1   imag     -0.093   0.059  -0.014  -0.049  -0.066
   2  15   1   real     -0.172   0.068  -0.063  -0.167  -0.173
   2  15   1   imag     -0.286   0.114  -0.105  -0.278  -0.288
   2  16   1   real     -0.001   0.000   0.000  -0.001   0.000
   2  16   1   imag      0.028   0.002   0.011   0.041   0.015
   2  17   1   real     -0.068   0.035  -0.011  -0.045  -0.046
   2  17   1   imag      0.025  -0.013   0.004   0.016   0.017
   2  18   1   real     -0.035   0.010  -0.014  -0.039  -0.023
   2  18   1   imag      0.088  -0.024   0.035   0.099   0.057
   2  19   1   real     -0.156   0.097   0.005  -0.054  -0.057
   2  19   1   imag     -0.047   0.029   0.002  -0.016  -0.017
   3   1   1   real     -0.115  -0.388   0.056  -0.447  -0.060
   3   1   1   imag     -0.038  -0.129   0.019  -0.148  -0.020
   3   2   1   real      0.007  -0.011   0.004   0.000   0.000
   3   2   1   imag      0.058  -0.092   0.034   0.000  -0.001
   3   3   1   real    -23.712  15.485  -8.066 -16.294 -15.212
   3   3   1   imag      0.000   0.000   0.000   0.000   0.000
   3   4   1   real      0.210   0.561  -0.101   0.670   0.020
   3   4   1   imag     -0.117  -0.312   0.056  -0.373  -0.011
   3   5   1   real      0.620  -0.047   0.071   0.644   0.315
   3   5   1   imag      0.417  -0.032   0.048   0.433   0.212
   3   6   1   real      0.040   0.291  -0.086   0.245  -0.020
   3   6   1   imag      0.028   0.206  -0.061   0.174  -0.014
   3   7   1   real     -0.498   0.299  -0.251  -0.450  -0.406
   3   7   1   imag      1.143  -0.687   0.576   1.032   0.931
   3   8   1   real      0.023  -0.106   0.114   0.031   0.179
   3   8   1   imag      0.002  -0.009   0.010   0.003   0.016
   3   9   1   real      0.708  -0.426   0.270   0.552   0.623
   3   9   1   imag      0.309  -0.186   0.118   0.241   0.272
   3  10   1   real     -0.010   0.006  -0.001  -0.005  -0.020
   3  10   1   imag      0.021  -0.012   0.001   0.010   0.042
   3  11   1   real      0.034  -0.032   0.016   0.018   0.019
   3  11   1   imag      0.103  -0.098   0.050   0.055   0.058
   3  12   1   real     -0.001   0.016  -0.004   0.011   0.003
   3  12   1   imag      0.001  -0.016   0.004  -0.011  -0.003
   3  13   1   real      0.034  -0.048   0.011  -0.003  -0.016
   3  13   1   imag      0.009  -0.013   0.003  -0.001  -0.004
   3  14   1   real      0.285  -0.126   0.120   0.279   0.008
   3  14   1   imag      0.046  -0.020   0.019   0.045   0.001
   3  15   1   real     -0.187   0.128  -0.089  -0.148  -0.276
   3  15   1   imag      0.146  -0.099   0.069   0.115   0.215
   3  16   1   real      0.654  -0.407   0.314   0.561   0.938
   3  16   1   imag     -0.061   0.038  -0.029  -0.052  -0.087
   3  17   1   real     -0.019   0.005  -0.007  -0.021   0.005
   3  17   1   imag     -0.038   0.011  -0.014  -0.042   0.010
   3  18   1   real      0.312  -0.181   0.165   0.296   0.416
   3  18   1   imag      0.082  -0.048   0.043   0.077   0.109
   3  19   1   real     -0.003   0.001  -0.003  -0.004  -0.003
   3  19   1   imag      0.015  -0.007   0.016   0.025   0.018
   4   1   1   real      0.151  -0.048  -0.004   0.099   0.040
   4   1   1   imag      0.164  -0.052  -0.005   0.108   0.044
   4   2   1   real      0.102   0.015  -0.018   0.099   0.057
   4   2   1   imag     -0.250  -0.035   0.044  -0.242  -0.139
   4   3   1   real      0.210   0.561  -0.101   0.670   0.020
   4   3   1   imag      0.117   0.312  -0.056   0.373   0.011
   4   4   1   real    -21.052  14.870  -7.075 -13.258 -14.697
   4   4   1   imag      0.000   0.000   0.000   0.000   0.000
   4   5   1   real      0.092   0.178  -0.025   0.245  -0.013
   4   5   1   imag      0.182   0.350  -0.050   0.483  -0.026
   4   6   1   real      0.215  -0.070   0.058   0.203   0.065
   4   6   1   imag      0.450  -0.146   0.121   0.424   0.137
   4   7   1   real     -0.501  -0.259   0.040  -0.720  -0.146
   4   7   1   imag      0.382   0.198  -0.030   0.549   0.112
   4   8   1   real     -0.770   0.507  -0.361  -0.624  -0.637
   4   8   1   imag     -0.522   0.344  -0.245  -0.423  -0.432
   4   9   1   real     -0.081  -0.151   0.029  -0.202  -0.063
   4   9   1   imag     -0.106  -0.198   0.039  -0.265  -0.083
   4  10   1   real      0.031  -0.008   0.018   0.042   0.027
   4  10   1   imag     -0.023   0.005  -0.013  -0.030  -0.019
   4  11   1   real     -0.016  -0.045  -0.001  -0.062  -0.043
   4  11   1   imag      0.083   0.233   0.005   0.321   0.220
   4  12   1   real     -0.137   0.083  -0.061  -0.114  -0.142
   4  12   1   imag      0.039  -0.024   0.017   0.033   0.041
   4  13   1   real     -0.020  -0.019  -0.003  -0.043  -0.071
   4  13   1   imag     -0.020  -0.019  -0.002  -0.041  -0.068
   4  14   1   real     -0.314   0.202  -0.172  -0.285  -0.611
   4  14   1   imag     -0.248   0.159  -0.135  -0.224  -0.481
   4  15   1   real     -0.139   0.149  -0.087  -0.077  -0.293
   4  15   1   imag      0.021  -0.023   0.013   0.012   0.045
   4  16   1   real     -0.468   0.239  -0.135  -0.364  -0.049
   4  16   1   imag     -0.206   0.105  -0.059  -0.160  -0.022
   4  17   1   real      0.001   0.000   0.000   0.001   0.000
   4  17   1   imag     -0.016   0.001  -0.007  -0.022   0.007
   4  18   1   real     -0.076   0.073  -0.002  -0.004   0.011
   4  18   1   imag     -0.073   0.070  -0.002  -0.004   0.010
   4  19   1   real      0.390  -0.251   0.222   0.361   0.576
   4  19   1   imag     -0.482   0.310  -0.274  -0.446  -0.711
   5   1   1   real     -0.110  -0.046  -0.014  -0.170  -0.026
   5   1   1   imag      0.031   0.013   0.004   0.047   0.007
   5   2   1   real      0.002   0.295  -0.044   0.252   0.023
   5   2   1   imag      0.002   0.342  -0.052   0.292   0.026
   5   3   1   real      0.620  -0.047   0.071   0.644   0.315
   5   3   1   imag     -0.417   0.032  -0.048  -0.433  -0.212
   5   4   1   real      0.092   0.178  -0.025   0.245  -0.013
   5   4   1   imag     -0.182  -0.350   0.050  -0.483   0.026
   5   5   1   real    -21.107  14.529  -6.945 -13.523 -14.681
   5   5   1   imag      0.000   0.000   0.000   0.000   0.000
   5   6   1   real      0.172   0.012   0.020   0.204   0.020
   5   6   1   imag      0.004   0.000   0.000   0.005   0.000
   5   7   1   real     -0.008   0.053  -0.001   0.044  -0.037
   5   7   1   imag     -0.046   0.290  -0.005   0.239  -0.200
   5   8   1   real     -0.106  -0.560   0.143  -0.523   0.018
   5   8   1   imag      0.058   0.309  -0.079   0.289  -0.010
   5   9   1   real      0.065   0.315  -0.401  -0.020  -0.324
   5   9   1   imag     -0.012  -0.058   0.073   0.004   0.059
   5  10   1   real     -0.005   0.008  -0.001   0.001   0.002
   5  10   1   imag     -0.034   0.051  -0.009   0.009   0.015
   5  11   1   real      0.083   0.083   0.010   0.176  -0.009
   5  11   1   imag      0.065   0.065   0.008   0.137  -0.007
   5  12   1   real      0.014  -0.010   0.006   0.010   0.013
   5  12   1   imag     -0.074   0.054  -0.031  -0.051  -0.068
   5  13   1   real     -0.134   0.074  -0.050  -0.110  -0.180
   5  13   1   imag      0.047  -0.026   0.017   0.039   0.063
   5  14   1   real      0.172  -0.102   0.057   0.126   0.071
   5  14   1   imag     -0.079   0.047  -0.026  -0.058  -0.033
   5  15   1   real     -0.041   0.037  -0.022  -0.026  -0.044
   5  15   1   imag      0.123  -0.112   0.066   0.078   0.134
   5  16   1   real      0.291  -0.222   0.158   0.227   0.426
   5  16   1   imag     -0.238   0.181  -0.129  -0.185  -0.348
   5  17   1   real      0.002  -0.003   0.006   0.006   0.012
   5  17   1   imag      0.001  -0.002   0.004   0.003   0.006
   5  18   1   real      0.397  -0.268   0.195   0.324   0.466
   5  18   1   imag     -0.139   0.094  -0.068  -0.113  -0.163
   5  19   1   real      0.066  -0.009   0.035   0.091   0.052
   5  19   1   imag      0.148  -0.021   0.078   0.204   0.116
   6   1   1   real     -0.506   0.259  -0.353  -0.599  -0.701
   6   1   1   imag      0.154  -0.079   0.108   0.183   0.214
   6   2   1   real     -0.055   0.284  -0.145   0.085  -0.139
   6   2   1   imag     -0.060   0.314  -0.160   0.093  -0.153
   6   3   1   real      0.040   0.291  -0.086   0.245  -0.020
   6   3   1   imag     -0.028  -0.206   0.061  -0.174   0.014
   6   4   1   real      0.215  -0.070   0.058   0.203   0.065
   6   4   1   imag     -0.450   0.146  -0.121  -0.424  -0.137
   6   5   1   real      0.172   0.012   0.020   0.204   0.020
   6   5   1   imag     -0.004   0.000   0.000  -0.005   0.000
   6   6   1   real    -20.210  14.339  -6.542 -12.413 -14.218
   6   6   1   imag      0.000   0.000   0.000   0.000   0.000
   6   7   1   real      0.029   0.124  -0.035   0.118  -0.017
   6   7   1   imag      0.138   0.593  -0.166   0.565  -0.083
   6   8   1   real      0.137  -0.023   0.111   0.224   0.314
   6   8   1   imag     -0.080   0.014  -0.065  -0.131  -0.183
   6   9   1   real     -0.080   0.587  -0.063   0.444   0.095
   6   9   1   imag      0.017  -0.122   0.013  -0.093  -0.020
   6  10   1   real      0.020   0.004   0.003   0.027   0.021
   6  10   1   imag      0.112   0.021   0.019   0.153   0.117
   6  11   1   real     -0.686   0.072  -0.069  -0.683  -0.591
   6  11   1   imag     -0.509   0.053  -0.051  -0.507  -0.438
   6  12   1   real      0.030  -0.020   0.014   0.025   0.037
   6  12   1   imag     -0.181   0.116  -0.085  -0.150  -0.222
   6  13   1   real      0.033  -0.060   0.010  -0.016   0.007
   6  13   1   imag     -0.012   0.023  -0.004   0.006  -0.003
   6  14   1   real     -1.092   0.741  -0.515  -0.866  -1.665
   6  14   1   imag      0.537  -0.364   0.253   0.426   0.819
   6  15   1   real     -0.053   0.043  -0.026  -0.036  -0.138
   6  15   1   imag      0.177  -0.143   0.086   0.120   0.458
   6  16   1   real     -0.481   0.211  -0.181  -0.451  -0.101
   6  16   1   imag      0.413  -0.181   0.155   0.387   0.087
   6  17   1   real      0.393  -0.271   0.181   0.303   0.552
   6  17   1   imag      0.206  -0.142   0.095   0.159   0.289
   6  18   1   real     -0.208   0.108  -0.072  -0.172  -0.003
   6  18   1   imag      0.078  -0.041   0.027   0.065   0.001
   6  19   1   real      0.511  -0.327   0.224   0.408   0.637
   6  19   1   imag      1.076  -0.689   0.471   0.858   1.342
   7   1   1   real      0.004   0.005  -0.006   0.003  -0.004
   7   1   1   imag      0.041   0.058  -0.063   0.037  -0.048
   7   2   1   real      0.060  -0.071   0.032   0.021   0.014
   7   2   1   imag     -0.035   0.042  -0.019  -0.012  -0.008
   7   3   1   real     -0.498   0.299  -0.251  -0.450  -0.406
   7   3   1   imag     -1.143   0.687  -0.576  -1.032  -0.931
   7   4   1   real     -0.501  -0.259   0.040  -0.720  -0.146
   7   4   1   imag     -0.382  -0.198   0.030  -0.549  -0.112
   7   5   1   real     -0.008   0.053  -0.001   0.044  -0.037
   7   5   1   imag      0.046  -0.290   0.005  -0.239   0.200
   7   6   1   real      0.029   0.124  -0.035   0.118  -0.017
   7   6   1   imag     -0.138  -0.593   0.166  -0.565   0.083
   7   7   1   real    -19.416  14.690  -6.597 -11.323 -14.922
   7   7   1   imag      0.000   0.000   0.000   0.000   0.000
   7   8   1   real      0.020  -0.048  -0.032  -0.061  -0.058
   7   8   1   imag      0.059  -0.145  -0.097  -0.182  -0.172
   7   9   1   real      0.000   0.000   0.000   0.000   0.000
   7   9   1   imag      0.718  -0.769  -0.039  -0.090   0.287
   7  10   1   real      0.015   0.306  -0.001   0.320   0.034
   7  10   1   imag      0.000   0.009   0.000   0.010   0.001
   7  11   1   real     -0.091   0.095  -0.011  -0.007  -0.027
   7  11   1   imag      0.081  -0.084   0.010   0.006   0.024
   7  12   1   real      0.021  -0.003   0.018   0.037   0.028
   7  12   1   imag      0.008  -0.001   0.007   0.014   0.011
   7  13   1   real     -0.014   0.028  -0.004   0.009  -0.003
   7  13   1   imag     -0.089   0.175  -0.028   0.057  -0.017
   7  14   1   real     -0.186   0.138  -0.067  -0.115   0.007
   7  14   1   imag     -0.723   0.536  -0.262  -0.448   0.026
   7  15   1   real      0.100  -0.038   0.013   0.075   0.364
   7  15   1   imag      0.054  -0.021   0.007   0.041   0.198
   7  16   1   real     -0.500   0.285  -0.197  -0.413  -0.824
   7  16   1   imag     -0.908   0.517  -0.358  -0.749  -1.495
   7  17   1   real     -0.084   0.012  -0.033  -0.105  -0.016
   7  17   1   imag      0.102  -0.015   0.040   0.127   0.019
   7  18   1   real     -0.026   0.000  -0.005  -0.030  -0.043
   7  18   1   imag     -0.164   0.002  -0.031  -0.193  -0.274
   7  19   1   real      0.052  -0.127   0.005  -0.070  -0.130
   7  19   1   imag     -0.013   0.031  -0.001   0.017   0.032
   8   1   1   real      0.123   0.012   0.038   0.173   0.041
   8   1   1   imag      0.029   0.003   0.009   0.041   0.010
   8   2   1   real     -0.061   0.082  -0.044  -0.024  -0.058
   8   2   1   imag     -0.290   0.389  -0.211  -0.112  -0.277
   8   3   1   real      0.023  -0.106   0.114   0.031   0.179
   8   3   1   imag     -0.002   0.009  -0.010  -0.003  -0.016
   8   4   1   real     -0.770   0.507  -0.361  -0.624  -0.637
   8   4   1   imag      0.522  -0.344   0.245   0.423   0.432
   8   5   1   real     -0.106  -0.560   0.143  -0.523   0.018
   8   5   1   imag     -0.058  -0.309   0.079  -0.289   0.010
   8   6   1   real      0.137  -0.023   0.111   0.224   0.314
   8   6   1   imag      0.080  -0.014   0.065   0.131   0.183
   8   7   1   real      0.020  -0.048  -0.032  -0.061  -0.058
   8   7   1   imag     -0.059   0.145   0.097   0.182   0.172
   8   8   1   real    -20.294  16.333  -6.639 -10.600 -15.447
   8   8   1   imag      0.000   0.000   0.000   0.000   0.000
   8   9   1   real     -0.204   0.049  -0.072  -0.227  -0.129
   8   9   1   imag     -0.068   0.017  -0.024  -0.076  -0.043
   8  10   1   real     -0.007   0.052   0.004   0.049   0.004
   8  10   1   imag      0.018  -0.141  -0.011  -0.134  -0.011
   8  11   1   real     -0.069  -0.207   0.037  -0.239  -0.020
   8  11   1   imag     -0.162  -0.484   0.086  -0.559  -0.046
   8  12   1   real      0.030  -0.002   0.016   0.045   0.044
   8  12   1   imag     -0.036   0.002  -0.020  -0.054  -0.053
   8  13   1   real     -0.015   0.037  -0.008   0.014   0.021
   8  13   1   imag     -0.003   0.006  -0.001   0.002   0.004
   8  14   1   real      0.163   0.074   0.065   0.302   0.123
   8  14   1   imag      0.012   0.005   0.005   0.022   0.009
   8  15   1   real     -0.170   0.130  -0.038  -0.078  -0.180
   8  15   1   imag      0.158  -0.121   0.035   0.072   0.167
   8  16   1   real      0.452  -0.323   0.125   0.254   0.344
   8  16   1   imag     -0.083   0.059  -0.023  -0.046  -0.063
   8  17   1   real      0.019  -0.009   0.014   0.024   0.045
   8  17   1   imag      0.030  -0.014   0.022   0.038   0.071
   8  18   1   real      0.051  -0.022  -0.026   0.003   0.007
   8  18   1   imag      0.009  -0.004  -0.004   0.000   0.001
   8  19   1   real     -0.017   0.021  -0.016  -0.012  -0.038
   8  19   1   imag      0.205  -0.248   0.185   0.142   0.448
   9   1   1   real      0.034  -0.026  -0.011  -0.003  -0.026
   9   1   1   imag     -0.003   0.002   0.001   0.000   0.002
   9   2   1   real      0.051   0.012   0.027   0.090   0.062
   9   2   1   imag      0.087   0.021   0.046   0.154   0.106
   9   3   1   real      0.708  -0.426   0.270   0.552   0.623
   9   3   1   imag     -0.309   0.186  -0.118  -0.241  -0.272
   9   4   1   real     -0.081  -0.151   0.029  -0.202  -0.063
   9   4   1   imag      0.106   0.198  -0.039   0.265   0.083
   9   5   1   real      0.065   0.315  -0.401  -0.020  -0.324
   9   5   1   imag      0.012   0.058  -0.073  -0.004  -0.059
   9   6   1   real     -0.080   0.587  -0.063   0.444   0.095
   9   6   1   imag     -0.017   0.122  -0.013   0.093   0.020
   9   7   1   real      0.000   0.000   0.000   0.000   0.000
   9   7   1   imag     -0.718   0.769   0.039   0.090  -0.287
   9   8   1   real     -0.204   0.049  -0.072  -0.227  -0.129
   9   8   1   imag      0.068  -0.017   0.024   0.076   0.043
   9   9   1   real    -19.476  16.245  -6.452  -9.683 -14.733
   9   9   1   imag      0.000   0.000   0.000   0.000   0.000
   9  10   1   real     -0.001   0.006  -0.001   0.004  -0.001
   9  10   1   imag      0.044  -0.191   0.026  -0.121   0.048
   9  11   1   real      0.005   0.143  -0.018   0.130  -0.017
   9  11   1   imag      0.005   0.161  -0.020   0.146  -0.019
   9  12   1   real     -0.002   0.002  -0.002  -0.002   0.012
   9  12   1   imag      0.005  -0.005   0.004   0.004  -0.031
   9  13   1   real     -0.032   0.001  -0.022  -0.053  -0.015
   9  13   1   imag      0.005   0.000   0.003   0.008   0.002
   9  14   1   real      0.162   0.063   0.075   0.300  -0.048
   9  14   1   imag     -0.042  -0.016  -0.019  -0.077   0.012
   9  15   1   real     -0.156   0.146  -0.040  -0.050  -0.189
   9  15   1   imag      0.286  -0.267   0.073   0.092   0.346
   9  16   1   real      0.911  -0.676   0.239   0.473   0.883
   9  16   1   imag     -0.502   0.373  -0.132  -0.261  -0.487
   9  17   1   real     -0.063   0.016  -0.028  -0.075   0.034
   9  17   1   imag     -0.052   0.014  -0.023  -0.061   0.028
   9  18   1   real      0.932  -0.664   0.246   0.513   0.907
   9  18   1   imag     -0.146   0.104  -0.038  -0.080  -0.142
   9  19   1   real     -0.086   0.038  -0.033  -0.081   0.028
   9  19   1   imag     -0.355   0.158  -0.138  -0.334   0.116
  10   1   1   real     -0.007   0.009   0.000   0.002   0.000
  10   1   1   imag     -0.055   0.068   0.000   0.014   0.002
  10   2   1   real      0.245  -0.155   0.123   0.213   0.271
  10   2   1   imag     -0.154   0.097  -0.077  -0.134  -0.170
  10   3   1   real     -0.010   0.006  -0.001  -0.005  -0.020
  10   3   1   imag     -0.021   0.012  -0.001  -0.010  -0.042
  10   4   1   real      0.031  -0.008   0.018   0.042   0.027
  10   4   1   imag      0.023  -0.005   0.013   0.030   0.019
  10   5   1   real     -0.005   0.008  -0.001   0.001   0.002
  10   5   1   imag      0.034  -0.051   0.009  -0.009  -0.015
  10   6   1   real      0.020   0.004   0.003   0.027   0.021
  10   6   1   imag     -0.112  -0.021  -0.019  -0.153  -0.117
  10   7   1   real      0.015   0.306  -0.001   0.320   0.034
  10   7   1   imag      0.000  -0.009   0.000  -0.010  -0.001
  10   8   1   real     -0.007   0.052   0.004   0.049   0.004
  10   8   1   imag     -0.018   0.141   0.011   0.134   0.011
  10   9   1   real     -0.001   0.006  -0.001   0.004  -0.001
  10   9   1   imag     -0.044   0.191  -0.026   0.121  -0.048
  10  10   1   real    -17.795  18.229  -6.158  -5.723 -13.425
  10  10   1   imag      0.000   0.000   0.000   0.000   0.000
  10  11   1   real      0.047   0.666   0.000   0.713   0.010
  10  11   1   imag     -0.044  -0.630   0.000  -0.674  -0.010
  10  12   1   real     -0.123  -0.229  -0.026  -0.378  -0.295
  10  12   1   imag     -0.044  -0.082  -0.009  -0.134  -0.105
  10  13   1   real     -0.007   0.189  -0.011   0.171  -0.001
  10  13   1   imag     -0.038   1.004  -0.058   0.909  -0.008
  10  14   1   real      0.030  -0.051   0.004  -0.017   0.025
  10  14   1   imag      0.102  -0.177   0.015  -0.060   0.086
  10  15   1   real     -0.232   0.117   0.003  -0.112  -0.029
  10  15   1   imag     -0.118   0.059   0.002  -0.057  -0.015
  10  16   1   real     -0.026   0.055   0.000   0.030  -0.032
  10  16   1   imag     -0.043   0.093   0.001   0.051  -0.053
  10  17   1   real      0.009   0.028   0.006   0.044   0.018
  10  17   1   imag     -0.012  -0.037  -0.008  -0.057  -0.023
  10  18   1   real      0.009  -0.001   0.003   0.011   0.001
  10  18   1   imag      0.048  -0.006   0.015   0.056   0.006
  10  19   1   real      0.075  -0.041   0.044   0.078   0.098
  10  19   1   imag     -0.021   0.011  -0.012  -0.021  -0.027
  11   1   1   real     -0.101   0.098   0.031   0.028   0.031
  11   1   1   imag      0.136  -0.132  -0.041  -0.037  -0.043
  11   2   1   real     -0.909   0.539  -0.519  -0.889  -1.036
  11   2   1   imag     -0.181   0.107  -0.103  -0.177  -0.206
  11   3   1   real      0.034  -0.032   0.016   0.018   0.019
  11   3   1   imag     -0.103   0.098  -0.050  -0.055  -0.058
  11   4   1   real     -0.016  -0.045  -0.001  -0.062  -0.043
  11   4   1   imag     -0.083  -0.233  -0.005  -0.321  -0.220
  11   5   1   real      0.083   0.083   0.010   0.176  -0.009
  11   5   1   imag     -0.065  -0.065  -0.008  -0.137   0.007
  11   6   1   real     -0.686   0.072  -0.069  -0.683  -0.591
  11   6   1   imag      0.509  -0.053   0.051   0.507   0.438
  11   7   1   real     -0.091   0.095  -0.011  -0.007  -0.027
  11   7   1   imag     -0.081   0.084  -0.010  -0.006  -0.024
  11   8   1   real     -0.069  -0.207   0.037  -0.239  -0.020
  11   8   1   imag      0.162   0.484  -0.086   0.559   0.046
  11   9   1   real      0.005   0.143  -0.018   0.130  -0.017
  11   9   1   imag     -0.005  -0.161   0.020  -0.146   0.019
  11  10   1   real      0.047   0.666   0.000   0.713   0.010
  11  10   1   imag      0.044   0.630   0.000   0.674   0.010
  11  11   1   real    -18.446  13.862  -6.315 -10.899 -14.111
  11  11   1   imag      0.000   0.000   0.000   0.000   0.000
  11  12   1   real      0.033  -0.026   0.024   0.031   0.030
  11  12   1   imag      0.064  -0.051   0.047   0.061   0.058
  11  13   1   real     -0.025  -0.065  -0.009  -0.099  -0.015
  11  13   1   imag      0.038   0.101   0.014   0.154   0.024
  11  14   1   real      0.134  -0.102   0.058   0.091   0.178
  11  14   1   imag     -0.261   0.197  -0.113  -0.177  -0.346
  11  15   1   real      0.071  -0.068   0.021   0.023   0.047
  11  15   1   imag      0.196  -0.190   0.058   0.064   0.130
  11  16   1   real      0.087  -0.108   0.033   0.011   0.052
  11  16   1   imag     -0.381   0.477  -0.146  -0.051  -0.227
  11  17   1   real     -0.113   0.086  -0.054  -0.081  -0.147
  11  17   1   imag      0.018  -0.013   0.009   0.013   0.023
  11  18   1   real      0.138  -0.237   0.059  -0.040   0.083
  11  18   1   imag     -0.214   0.367  -0.092   0.062  -0.128
  11  19   1   real     -0.410   0.364  -0.194  -0.241  -0.485
  11  19   1   imag     -0.218   0.193  -0.103  -0.128  -0.258
  12   1   1   real      0.094  -0.041   0.043   0.097   0.095
  12   1   1   imag      0.189  -0.081   0.086   0.194   0.191
  12   2   1   real      0.020  -0.036   0.008  -0.008   0.021
  12   2   1   imag     -0.025   0.045  -0.010   0.010  -0.026
  12   3   1   real     -0.001   0.016  -0.004   0.011   0.003
  12   3   1   imag     -0.001   0.016  -0.004   0.011   0.003
  12   4   1   real     -0.137   0.083  -0.061  -0.114  -0.142
  12   4   1   imag     -0.039   0.024  -0.017  -0.033  -0.041
  12   5   1   real      0.014  -0.010   0.006   0.010   0.013
  12   5   1   imag      0.074  -0.054   0.031   0.051   0.068
  12   6   1   real      0.030  -0.020   0.014   0.025   0.037
  12   6   1   imag      0.181  -0.116   0.085   0.150   0.222
  12   7   1   real      0.021  -0.003   0.018   0.037   0.028
  12   7   1   imag     -0.008   0.001  -0.007  -0.014  -0.011
  12   8   1   real      0.030  -0.002   0.016   0.045   0.044
  12   8   1   imag      0.036  -0.002   0.020   0.054   0.053
  12   9   1   real     -0.002   0.002  -0.002  -0.002   0.012
  12   9   1   imag     -0.005   0.005  -0.004  -0.004   0.031
  12  10   1   real     -0.123  -0.229  -0.026  -0.378  -0.295
  12  10   1   imag      0.044   0.082   0.009   0.134   0.105
  12  11   1   real      0.033  -0.026   0.024   0.031   0.030
  12  11   1   imag     -0.064   0.051  -0.047  -0.061  -0.058
  12  12   1   real    -15.889   9.231  -5.766 -12.425 -12.959
  12  12   1   imag      0.000   0.000   0.000   0.000   0.000
  12  13   1   real     -0.007   0.152  -0.006   0.138   0.005
  12  13   1   imag     -0.012   0.260  -0.011   0.237   0.008
  12  14   1   real     -0.125   0.095  -0.036  -0.066  -0.133
  12  14   1   imag     -0.174   0.132  -0.050  -0.092  -0.185
  12  15   1   real      0.303  -0.262  -0.016   0.025  -0.178
  12  15   1   imag      0.039  -0.033  -0.002   0.003  -0.023
  12  16   1   real     -0.016   0.028  -0.029  -0.017  -0.015
  12  16   1   imag     -0.013   0.024  -0.024  -0.014  -0.012
  12  17   1   real     -0.021   0.010  -0.011  -0.022  -0.042
  12  17   1   imag      0.064  -0.030   0.033   0.067   0.129
  12  18   1   real     -0.029   0.049  -0.010   0.010   0.017
  12  18   1   imag     -0.049   0.084  -0.018   0.017   0.030
  12  19   1   real     -0.257   0.156  -0.118  -0.218  -0.429
  12  19   1   imag      0.180  -0.109   0.082   0.153   0.300
  13   1   1   real     -0.025   0.006  -0.018  -0.038  -0.011
  13   1   1   imag     -0.002   0.000  -0.001  -0.002  -0.001
  13   2   1   real      0.002   0.002   0.003   0.007  -0.003
  13   2   1   imag      0.006   0.005   0.006   0.017  -0.008
  13   3   1   real      0.034  -0.048   0.011  -0.003  -0.016
  13   3   1   imag     -0.009   0.013  -0.003   0.001   0.004
  13   4   1   real     -0.020  -0.019  -0.003  -0.043  -0.071
  13   4   1   imag      0.020   0.019   0.002   0.041   0.068
  13   5   1   real     -0.134   0.074  -0.050  -0.110  -0.180
  13   5   1   imag     -0.047   0.026  -0.017  -0.039  -0.063
  13   6   1   real      0.033  -0.060   0.010  -0.016   0.007
  13   6   1   imag      0.012  -0.023   0.004  -0.006   0.003
  13   7   1   real     -0.014   0.028  -0.004   0.009  -0.003
  13   7   1   imag      0.089  -0.175   0.028  -0.057   0.017
  13   8   1   real     -0.015   0.037  -0.008   0.014   0.021
  13   8   1   imag      0.003  -0.006   0.001  -0.002  -0.004
  13   9   1   real     -0.032   0.001  -0.022  -0.053  -0.015
  13   9   1   imag     -0.005   0.000  -0.003  -0.008  -0.002
  13  10   1   real     -0.007   0.189  -0.011   0.171  -0.001
  13  10   1   imag      0.038  -1.004   0.058  -0.909   0.008
  13  11   1   real     -0.025  -0.065  -0.009  -0.099  -0.015
  13  11   1   imag     -0.038  -0.101  -0.014  -0.154  -0.024
  13  12   1   real     -0.007   0.152  -0.006   0.138   0.005
  13  12   1   imag      0.012  -0.260   0.011  -0.237  -0.008
  13  13   1   real    -16.201   9.024  -6.035 -13.212 -13.774
  13  13   1   imag      0.000   0.000   0.000   0.000   0.000
  13  14   1   real     -0.063   0.266  -0.005   0.199   0.084
  13  14   1   imag      0.006  -0.026   0.000  -0.019  -0.008
  13  15   1   real      0.176  -0.491   0.047  -0.268   0.037
  13  15   1   imag     -0.229   0.639  -0.062   0.348  -0.048
  13  16   1   real     -0.004  -0.238  -0.002  -0.244  -0.122
  13  16   1   imag      0.001   0.086   0.001   0.089   0.044
  13  17   1   real      0.003   0.006   0.002   0.011   0.004
  13  17   1   imag      0.004   0.007   0.002   0.013   0.005
  13  18   1   real     -0.129   0.003  -0.036  -0.162  -0.132
  13  18   1   imag      0.000   0.000   0.000   0.000   0.000
  13  19   1   real      0.005  -0.007   0.003   0.001   0.009
  13  19   1   imag      0.062  -0.087   0.036   0.011   0.112
  14   1   1   real      0.692  -0.429   0.282   0.545   0.696
  14   1   1   imag      0.112  -0.070   0.046   0.088   0.113
  14   2   1   real      0.027  -0.017   0.004   0.014   0.019
  14   2   1   imag      0.093  -0.059   0.014   0.049   0.066
  14   3   1   real      0.285  -0.126   0.120   0.279   0.008
  14   3   1   imag     -0.046   0.020  -0.019  -0.045  -0.001
  14   4   1   real     -0.314   0.202  -0.172  -0.285  -0.611
  14   4   1   imag      0.248  -0.159   0.135   0.224   0.481
  14   5   1   real      0.172  -0.102   0.057   0.126   0.071
  14   5   1   imag      0.079  -0.047   0.026   0.058   0.033
  14   6   1   real     -1.092   0.741  -0.515  -0.866  -1.665
  14   6   1   imag     -0.537   0.364  -0.253  -0.426  -0.819
  14   7   1   real     -0.186   0.138  -0.067  -0.115   0.007
  14   7   1   imag      0.723  -0.536   0.262   0.448  -0.026
  14   8   1   real      0.163   0.074   0.065   0.302   0.123
  14   8   1   imag     -0.012  -0.005  -0.005  -0.022  -0.009
  14   9   1   real      0.162   0.063   0.075   0.300  -0.048
  14   9   1   imag      0.042   0.016   0.019   0.077  -0.012
  14  10   1   real      0.030  -0.051   0.004  -0.017   0.025
  14  10   1   imag     -0.102   0.177  -0.015   0.060  -0.086
  14  11   1   real      0.134  -0.102   0.058   0.091   0.178
  14  11   1   imag      0.261  -0.197   0.113   0.177   0.346
  14  12   1   real     -0.125   0.095  -0.036  -0.066  -0.133
  14  12   1   imag      0.174  -0.132   0.050   0.092   0.185
  14  13   1   real     -0.063   0.266  -0.005   0.199   0.084
  14  13   1   imag     -0.006   0.026   0.000   0.019   0.008
  14  14   1   real     -7.625   6.127  -3.512  -5.010  -3.904
  14  14   1   imag      0.000   0.000   0.000   0.000   0.000
  14  15   1   real     -0.955   1.091   0.055   0.191   1.715
  14  15   1   imag      1.024  -1.170  -0.059  -0.205  -1.839
  14  16   1   real      5.722  -4.914   1.793   2.601   0.700
  14  16   1   imag     -1.474   1.266  -0.462  -0.670  -0.180
  14  17   1   real     -0.108   0.231   0.028   0.152   0.414
  14  17   1   imag     -0.147   0.316   0.039   0.208   0.566
  14  18   1   real     -0.710   0.935  -0.278  -0.053   0.087
  14  18   1   imag     -0.069   0.091  -0.027  -0.005   0.008
  14  19   1   real      0.000  -0.009  -0.002  -0.011  -0.014
  14  19   1   imag     -0.023   0.663   0.176   0.817   1.009
  15   1   1   real      0.088  -0.045   0.030   0.072   0.088
  15   1   1   imag      0.131  -0.068   0.045   0.108   0.132
  15   2   1   real     -0.172   0.068  -0.063  -0.167  -0.173
  15   2   1   imag      0.286  -0.114   0.105   0.278   0.288
  15   3   1   real     -0.187   0.128  -0.089  -0.148  -0.276
  15   3   1   imag     -0.146   0.099  -0.069  -0.115  -0.215
  15   4   1   real     -0.139   0.149  -0.087  -0.077  -0.293
  15   4   1   imag     -0.021   0.023  -0.013  -0.012  -0.045
  15   5   1   real     -0.041   0.037  -0.022  -0.026  -0.044
  15   5   1   imag     -0.123   0.112  -0.066  -0.078  -0.134
  15   6   1   real     -0.053   0.043  -0.026  -0.036  -0.138
  15   6   1   imag     -0.177   0.143  -0.086  -0.120  -0.458
  15   7   1   real      0.100  -0.038   0.013   0.075   0.364
  15   7   1   imag     -0.054   0.021  -0.007  -0.041  -0.198
  15   8   1   real     -0.170   0.130  -0.038  -0.078  -0.180
  15   8   1   imag     -0.158   0.121  -0.035  -0.072  -0.167
  15   9   1   real     -0.156   0.146  -0.040  -0.050  -0.189
  15   9   1   imag     -0.286   0.267  -0.073  -0.092  -0.346
  15  10   1   real     -0.232   0.117   0.003  -0.112  -0.029
  15  10   1   imag      0.118  -0.059  -0.002   0.057   0.015
  15  11   1   real      0.071  -0.068   0.021   0.023   0.047
  15  11   1   imag     -0.196   0.190  -0.058  -0.064  -0.130
  15  12   1   real      0.303  -0.262  -0.016   0.025  -0.178
  15  12   1   imag     -0.039   0.033   0.002  -0.003   0.023
  15  13   1   real      0.176  -0.491   0.047  -0.268   0.037
  15  13   1   imag      0.229  -0.639   0.062  -0.348   0.048
  15  14   1   real     -0.955   1.091   0.055   0.191   1.715
  15  14   1   imag     -1.024   1.170   0.059   0.205   1.839
  15  15   1   real     -9.263   6.473  -5.464  -8.254 -11.606
  15  15   1   imag      0.000   0.000   0.000   0.000   0.000
  15  16   1   real      1.062  -1.238  -0.055  -0.232  -1.923
  15  16   1   imag      0.678  -0.790  -0.035  -0.148  -1.228
  15  17   1   real      0.014  -0.041  -0.006  -0.033  -0.081
  15  17   1   imag     -0.074   0.216   0.032   0.174   0.424
  15  18   1   real     -0.286   0.388  -0.056   0.046   0.250
  15  18   1   imag     -0.373   0.506  -0.073   0.061   0.326
  15  19   1   real      0.037  -0.312  -0.072  -0.347  -0.568
  15  19   1   imag     -0.033   0.283   0.065   0.315   0.516
  16   1   1   real      0.157  -0.080   0.064   0.141   0.033
  16   1   1   imag      0.069  -0.035   0.028   0.062   0.015
  16   2   1   real     -0.001   0.000   0.000  -0.001   0.000
  16   2   1   imag     -0.028  -0.002  -0.011  -0.041  -0.015
  16   3   1   real      0.654  -0.407   0.314   0.561   0.938
  16   3   1   imag      0.061  -0.038   0.029   0.052   0.087
  16   4   1   real     -0.468   0.239  -0.135  -0.364  -0.049
  16   4   1   imag      0.206  -0.105   0.059   0.160   0.022
  16   5   1   real      0.291  -0.222   0.158   0.227   0.426
  16   5   1   imag      0.238  -0.181   0.129   0.185   0.348
  16   6   1   real     -0.481   0.211  -0.181  -0.451  -0.101
  16   6   1   imag     -0.413   0.181  -0.155  -0.387  -0.087
  16   7   1   real     -0.500   0.285  -0.197  -0.413  -0.824
  16   7   1   imag      0.908  -0.517   0.358   0.749   1.495
  16   8   1   real      0.452  -0.323   0.125   0.254   0.344
  16   8   1   imag      0.083  -0.059   0.023   0.046   0.063
  16   9   1   real      0.911  -0.676   0.239   0.473   0.883
  16   9   1   imag      0.502  -0.373   0.132   0.261   0.487
  16  10   1   real     -0.026   0.055   0.000   0.030  -0.032
  16  10   1   imag      0.043  -0.093  -0.001  -0.051   0.053
  16  11   1   real      0.087  -0.108   0.033   0.011   0.052
  16  11   1   imag      0.381  -0.477   0.146   0.051   0.227
  16  12   1   real     -0.016   0.028  -0.029  -0.017  -0.015
  16  12   1   imag      0.013  -0.024   0.024   0.014   0.012
  16  13   1   real     -0.004  -0.238  -0.002  -0.244  -0.122
  16  13   1   imag     -0.001  -0.086  -0.001  -0.089  -0.044
  16  14   1   real      5.722  -4.914   1.793   2.601   0.700
  16  14   1   imag      1.474  -1.266   0.462   0.670   0.180
  16  15   1   real      1.062  -1.238  -0.055  -0.232  -1.923
  16  15   1   imag     -0.678   0.790   0.035   0.148   1.228
  16  16   1   real     -6.893   5.514  -3.342  -4.721  -4.144
  16  16   1   imag      0.000   0.000   0.000   0.000   0.000
  16  17   1   real      0.133  -0.178   0.066   0.022   0.040
  16  17   1   imag      0.335  -0.446   0.166   0.055   0.099
  16  18   1   real     -0.103  -0.454  -0.382  -0.939  -2.013
  16  18   1   imag     -0.038  -0.165  -0.139  -0.342  -0.733
  16  19   1   real     -0.283   0.340  -0.124  -0.067  -0.080
  16  19   1   imag      1.040  -1.249   0.456   0.246   0.295
  17   1   1   real     -0.170   0.100  -0.072  -0.142  -0.174
  17   1   1   imag      0.168  -0.099   0.071   0.140   0.171
  17   2   1   real     -0.068   0.035  -0.011  -0.045  -0.046
  17   2   1   imag     -0.025   0.013  -0.004  -0.016  -0.017
  17   3   1   real     -0.019   0.005  -0.007  -0.021   0.005
  17   3   1   imag      0.038  -0.011   0.014   0.042  -0.010
  17   4   1   real      0.001   0.000   0.000   0.001   0.000
  17   4   1   imag      0.016  -0.001   0.007   0.022  -0.007
  17   5   1   real      0.002  -0.003   0.006   0.006   0.012
  17   5   1   imag     -0.001   0.002  -0.004  -0.003  -0.006
  17   6   1   real      0.393  -0.271   0.181   0.303   0.552
  17   6   1   imag     -0.206   0.142  -0.095  -0.159  -0.289
  17   7   1   real     -0.084   0.012  -0.033  -0.105  -0.016
  17   7   1   imag     -0.102   0.015  -0.040  -0.127  -0.019
  17   8   1   real      0.019  -0.009   0.014   0.024   0.045
  17   8   1   imag     -0.030   0.014  -0.022  -0.038  -0.071
  17   9   1   real     -0.063   0.016  -0.028  -0.075   0.034
  17   9   1   imag      0.052  -0.014   0.023   0.061  -0.028
  17  10   1   real      0.009   0.028   0.006   0.044   0.018
  17  10   1   imag      0.012   0.037   0.008   0.057   0.023
  17  11   1   real     -0.113   0.086  -0.054  -0.081  -0.147
  17  11   1   imag     -0.018   0.013  -0.009  -0.013  -0.023
  17  12   1   real     -0.021   0.010  -0.011  -0.022  -0.042
  17  12   1   imag     -0.064   0.030  -0.033  -0.067  -0.129
  17  13   1   real      0.003   0.006   0.002   0.011   0.004
  17  13   1   imag     -0.004  -0.007  -0.002  -0.013  -0.005
  17  14   1   real     -0.108   0.231   0.028   0.152   0.414
  17  14   1   imag      0.147  -0.316  -0.039  -0.208  -0.566
  17  15   1   real      0.014  -0.041  -0.006  -0.033  -0.081
  17  15   1   imag      0.074  -0.216  -0.032  -0.174  -0.424
  17  16   1   real      0.133  -0.178   0.066   0.022   0.040
  17  16   1   imag     -0.335   0.446  -0.166  -0.055  -0.099
  17  17   1   real    -10.590   9.072  -3.892  -5.409  -0.404
  17  17   1   imag      0.000   0.000   0.000   0.000   0.000
  17  18   1   real     -2.924   2.999  -0.922  -0.848  -0.011
  17  18   1   imag      3.281  -3.364   1.034   0.951   0.012
  17  19   1   real      1.458  -1.224   0.310   0.543  -0.656
  17  19   1   imag      1.096  -0.921   0.233   0.408  -0.493
  18   1   1   real      0.032  -0.020   0.018   0.030  -0.030
  18   1   1   imag      0.002  -0.001   0.001   0.002  -0.002
  18   2   1   real     -0.035   0.010  -0.014  -0.039  -0.023
  18   2   1   imag     -0.088   0.024  -0.035  -0.099  -0.057
  18   3   1   real      0.312  -0.181   0.165   0.296   0.416
  18   3   1   imag     -0.082   0.048  -0.043  -0.077  -0.109
  18   4   1   real     -0.076   0.073  -0.002  -0.004   0.011
  18   4   1   imag      0.073  -0.070   0.002   0.004  -0.010
  18   5   1   real      0.397  -0.268   0.195   0.324   0.466
  18   5   1   imag      0.139  -0.094   0.068   0.113   0.163
  18   6   1   real     -0.208   0.108  -0.072  -0.172  -0.003
  18   6   1   imag     -0.078   0.041  -0.027  -0.065  -0.001
  18   7   1   real     -0.026   0.000  -0.005  -0.030  -0.043
  18   7   1   imag      0.164  -0.002   0.031   0.193   0.274
  18   8   1   real      0.051  -0.022  -0.026   0.003   0.007
  18   8   1   imag     -0.009   0.004   0.004   0.000  -0.001
  18   9   1   real      0.932  -0.664   0.246   0.513   0.907
  18   9   1   imag      0.146  -0.104   0.038   0.080   0.142
  18  10   1   real      0.009  -0.001   0.003   0.011   0.001
  18  10   1   imag     -0.048   0.006  -0.015  -0.056  -0.006
  18  11   1   real      0.138  -0.237   0.059  -0.040   0.083
  18  11   1   imag      0.214  -0.367   0.092  -0.062   0.128
  18  12   1   real     -0.029   0.049  -0.010   0.010   0.017
  18  12   1   imag      0.049  -0.084   0.018  -0.017  -0.030
  18  13   1   real     -0.129   0.003  -0.036  -0.162  -0.132
  18  13   1   imag      0.000   0.000   0.000   0.000   0.000
  18  14   1   real     -0.710   0.935  -0.278  -0.053   0.087
  18  14   1   imag      0.069  -0.091   0.027   0.005  -0.008
  18  15   1   real     -0.286   0.388  -0.056   0.046   0.250
  18  15   1   imag      0.373  -0.506   0.073  -0.061  -0.326
  18  16   1   real     -0.103  -0.454  -0.382  -0.939  -2.013
  18  16   1   imag      0.038   0.165   0.139   0.342   0.733
  18  17   1   real     -2.924   2.999  -0.922  -0.848  -0.011
  18  17   1   imag     -3.281   3.364  -1.034  -0.951  -0.012
  18  18   1   real     -7.744   6.777  -3.460  -4.427  -2.489
  18  18   1   imag      0.000   0.000   0.000   0.000   0.000
  18  19   1   real     -0.231   0.188  -0.067  -0.110   0.008
  18  19   1   imag     -2.768   2.257  -0.808  -1.319   0.098
  19   1   1   real     -0.070   0.037  -0.033  -0.066  -0.077
  19   1   1   imag      0.471  -0.250   0.221   0.442   0.519
  19   2   1   real     -0.156   0.097   0.005  -0.054  -0.057
  19   2   1   imag      0.047  -0.029  -0.002   0.016   0.017
  19   3   1   real     -0.003   0.001  -0.003  -0.004  -0.003
  19   3   1   imag     -0.015   0.007  -0.016  -0.025  -0.018
  19   4   1   real      0.390  -0.251   0.222   0.361   0.576
  19   4   1   imag      0.482  -0.310   0.274   0.446   0.711
  19   5   1   real      0.066  -0.009   0.035   0.091   0.052
  19   5   1   imag     -0.148   0.021  -0.078  -0.204  -0.116
  19   6   1   real      0.511  -0.327   0.224   0.408   0.637
  19   6   1   imag     -1.076   0.689  -0.471  -0.858  -1.342
  19   7   1   real      0.052  -0.127   0.005  -0.070  -0.130
  19   7   1   imag      0.013  -0.031   0.001  -0.017  -0.032
  19   8   1   real     -0.017   0.021  -0.016  -0.012  -0.038
  19   8   1   imag     -0.205   0.248  -0.185  -0.142  -0.448
  19   9   1   real     -0.086   0.038  -0.033  -0.081   0.028
  19   9   1   imag      0.355  -0.158   0.138   0.334  -0.116
  19  10   1   real      0.075  -0.041   0.044   0.078   0.098
  19  10   1   imag      0.021  -0.011   0.012   0.021   0.027
  19  11   1   real     -0.410   0.364  -0.194  -0.241  -0.485
  19  11   1   imag      0.218  -0.193   0.103   0.128   0.258
  19  12   1   real     -0.257   0.156  -0.118  -0.218  -0.429
  19  12   1   imag     -0.180   0.109  -0.082  -0.153  -0.300
  19  13   1   real      0.005  -0.007   0.003   0.001   0.009
  19  13   1   imag     -0.062   0.087  -0.036  -0.011  -0.112
  19  14   1   real      0.000  -0.009  -0.002  -0.011  -0.014
  19  14   1   imag      0.023  -0.663  -0.176  -0.817  -1.009
  19  15   1   real      0.037  -0.312  -0.072  -0.347  -0.568
  19  15   1   imag      0.033  -0.283  -0.065  -0.315  -0.516
  19  16   1   real     -0.283   0.340  -0.124  -0.067  -0.080
  19  16   1   imag     -1.040   1.249  -0.456  -0.246  -0.295
  19  17   1   real      1.458  -1.224   0.310   0.543  -0.656
  19  17   1   imag     -1.096   0.921  -0.233  -0.408   0.493
  19  18   1   real     -0.231   0.188  -0.067  -0.110   0.008
  19  18   1   imag      2.768  -2.257   0.808   1.319  -0.098
  19  19   1   real     -8.284   6.413  -3.724  -5.595  -3.569
  19  19   1   imag      0.000   0.000   0.000   0.000   0.000
